1A09A
1A09B
1A0BA
1A0OB
1A0OD
1A0OF
1A1CA
1A1CB
1A2KC
1A2KE
1A2LA
1A3AB
1A3AC
1A3AD
1A4LA
1A4VA
1A5HA
1A63A
1A6AA
1A6JB
1A86A
1A8FA
1ABEA
1ABFA
1AD6A
1AGQD
1AHNA
1AJ0A
1AJYA
1AM4A
1AM9C
1AM9D
1AQDD
1ARZB
1ARZC
1ASYA
1AV1A
1AWEA
1AY9A
1AYCA
1AZZD
1B1BA
1B47A
1B6CB
1B6ZB
1B79B
1B8MA
1B8YA
1B93B
1B93C
1B9KA
1BA5A
1BBIA
1BDCA
1BDIA
1BFSA
1BG8A
1BHFA
1BHHB
1BHXF
1BJ1V
1BJ8A
1BK5A
1BKAA
1BMOA
1BO5O
1BOTO
1BOYA
1BP5A
1BP5C
1BPZA
1BQHG
1BQOA
1BQOB
1BRCI
1BS2A
1BTJA
1BU1A
1BU1C
1BW6A
1BY4D
1BZSA
1C3IA
1C43A
1C45A
1C46A
1C4RA
1C4RB
1C4RE
1C5KA
1C5MF
1C8PA
1CB6A
1CBIA
1CDIA
1CEEB
1CJGA
1CL0A
1CLIB
1CM0B
1CMAA
1CO0A
1CO1A
1COKA
1CQZB
1CSBB
1CTUA
1CW0A
1CWRA
1CWSA
1CYWA
1D1PA
1D1PB
1D2ZC
1D2ZD
1D3BD
1D3BF
1D3BH
1D3BL
1D8LA
1D9KC
1DADA
1DCEB
1DDVA
1DEHA
1DEVA
1DFVA
1DGCA
1DM9B
1DO5B
1DO5D
1DOMA
1DPPA
1DRUA
1DRWA
1DS5A
1DU3B
1DUBA
1DVAL
1DY0A
1DY1A
1DZ7A
1DZXP
1DZYP
1E0BB
1E21A
1E2XA
1E4JA
1E4KC
1E4UA
1E50C
1E50E
1E50Q
1E59A
1E7KB
1E96B
1EAJB
1EAYC
1EAYD
1EBPA
1EC8A
1ECGA
1ECGB
1ECMB
1ECZA
1EDHA
1EDLA
1EDYB
1EF7A
1EFXD
1EGGB
1EGHA
1EGJA
1EJ8A
1EK6B
1EM8D
1EPFB
1EPFC
1EQQB
1EQQD
1EQRA
1ERGA
1ESZA
1EW2A
1EWIA
1EX6A
1EXAA
1EXTB
1EXXA
1EYGA
1EYVB
1EZ3B
1F0QA
1F2HA
1F3AA
1F4JA
1F4JC
1F5MB
1F5SA
1F5SB
1F7WA
1F7XA
1F9EB
1F9PA
1FAKL
1FAPB
1FCZA
1FDHG
1FDTA
1FF5A
1FFTB
1FFWB
1FHSA
1FHTA
1FHWA
1FHWB
1FICA
1FLKA
1FLTW
1FNTD
1FNTG
1FPUA
1FQVA
1FR0A
1FSWA
1FT1B
1FW2A
1FWUA
1FWYA
1FXJA
1FXJB
1FXSA
1FYNA
1FYRA
1FZBA
1FZBB
1FZBC
1FZBF
1FZEA
1FZEB
1FZEC
1FZED
1FZEF
1FZGB
1FZGC
1FZGD
1FZGE
1G0IA
1G0SB
1G0YR
1G1EB
1G1SB
1G2LB
1G3GA
1G4YB
1G50A
1G50B
1G50C
1G5VA
1G6GB
1G6NB
1G6Q2
1G6Q3
1G6Q4
1G6Q5
1G6YA
1G6YB
1G73C
1G73D
1G7CA
1G82A
1G82B
1G82C
1G82D
1G8EB
1G8RA
1G96A
1GA3A
1GAQA
1GAWB
1GBNA
1GC6A
1GCFA
1GCUA
1GD5A
1GETA
1GETB
1GG1B
1GJPA
1GKEA
1GL3A
1GLFY
1GLFZ
1GLGA
1GLPA
1GMYB
1GN0A
1GO3N
1GOSA
1GOSB
1GP5A
1GQTB
1GQTC
1GSDA
1GT7A
1GTVA
1GU5A
1GU5B
1GU6A
1GUAB
1GUXB
1GVJB
1GWBA
1GXPA
1GXPB
1GXPE
1GYAA
1GYFA
1GYUA
1GYYA
1H0OA
1H2IA
1H2TZ
1H2UY
1H3QA
1H52A
1H7OA
1H7RA
1H82A
1H82B
1H88A
1H88B
1H89A
1H8AA
1H9EA
1H9FA
1H9GA
1H9TB
1HCEA
1HCGB
1HE1C
1HE7A
1HFBF
1HFCA
1HFHA
1HFSA
1HIKA
1HJ7A
1HJBA
1HJBD
1HJDA
1HJNA
1HK9D
1HK9E
1HO5A
1HTOA
1HTRB
1HV9A
1HV9B
1HW2A
1HWTC
1HWTD
1HWTH
1HYNQ
1HYNR
1HZEA
1I0UA
1I1JB
1I1RA
1I3OB
1I4LD
1I5ZB
1I7NA
1I85B
1I8LA
1I9EA
1I9RA
1IBRB
1IBRD
1ICFA
1ICUA
1ICUB
1ID1B
1IDRB
1IEPA
1IG0B
1IH5A
1IHIA
1IHRA
1IHRB
1IJEA
1IJIA
1IJZA
1IK7A
1IKAA
1ILQA
1ILR2
1IMCA
1IMCB
1INIA
1IO4A
1IO4B
1IO4C
1IRAX
1IRIA
1IRSA
1ISAA
1ITMA
1ITYA
1IU3C
1IV6A
1IVTA
1J5KA
1J6TA
1J70A
1J70C
1J86A
1J86B
1J88A
1JANA
1JEDA
1JH1A
1JL4A
1JL4D
1JOOA
1JPEA
1JQLB
1JQQD
1JRHI
1JU5A
1JWBD
1JYTA
1JYXA
1JZRC
1JZRD
1K0XA
1K2AA
1K3ZA
1K5GA
1K6OA
1K6WA
1K9JA
1K9JB
1K9YA
1KA0A
1KDOA
1KDUA
1KFXS
1KG3A
1KGJA
1KGJB
1KGYA
1KHUB
1KHUD
1KIAA
1KJMA
1KKQA
1KLIL
1KNCC
1KNTA
1KO0A
1KO8A
1KOYA
1KP9A
1KPHA
1KPHB
1KPSD
1KQ1H
1KQGB
1KQGC
1KRUA
1KUNA
1KWYA
1KYYA
1KYYB
1KYYC
1KYYE
1L1PA
1L3GA
1LB5A
1LC3A
1LCDA
1LCJA
1LD8A
1LD8B
1LDPH
1LE5B
1LHOA
1LITA
1LJMB
1LPLA
1LQBC
1LQCA
1LQFA
1LR5B
1LRRA
1LT9C
1LT9F
1LX5B
1LZWB
1M12A
1M27C
1M38A
1M44A
1M44B
1M4IB
1M4RB
1M4UL
1M52A
1M52B
1M5NS
1M61A
1M63A
1M63E
1M7QA
1MBXA
1MBXC
1MBXD
1MDMB
1MF8A
1MFIA
1MHDA
1MI7R
1MPQA
1MSHA
1MT6A
1MUYA
1MWJA
1MZOA
1N3GA
1N3HA
1N4RB
1N52B
1N54B
1N5ZA
1N5ZB
1N72A
1N7JA
1N7TA
1N86C
1N8SA
1NC3A
1NC3B
1NCFA
1NCVA
1ND5A
1ND6B
1NDIA
1NEZH
1NFIE
1NGKB
1NI6C
1NLMA
1NM7A
1NN4B
1NN4D
1NP0C
1NP0D
1NP6B
1NPEB
1NSIA
1NSKR
1NU9A
1NUHA
1NVPA
1NWSA
1NYEA
1NYEC
1NYED
1NYEE
1NYHA
1NYSC
1O3TA
1O47A
1O7VA
1O9AA
1O9KB
1O9SA
1OAPA
1OEEA
1OEMX
1OESA
1OGHB
1OHDA
1OIAA
1OIAB
1OIPA
1OIZA
1OIZB
1OJDB
1OJDC
1OJGA
1ON8A
1ONIB
1ONIH
1ONSA
1OO9B
1OPJB
1OQAA
1OQJB
1OQNA
1OQNB
1OQYA
1OR7F
1OS7A
1OS7B
1OSCB
1OSCD
1OSFA
1OTJB
1OVNA
1OVNB
1OX9A
1OXZA
1OY3C
1OYJC
1OZJB
1P4RB
1P6OB
1P8JH
1P8TA
1P9MA
1P9MC
1PBWB
1PKJA
1PKKA
1PKKB
1PKQJ
1PKVA
1PL5S
1PM7A
1PMLA
1PMLC
1PNZA
1PO3A
1PO3B
1POY1
1POZA
1PQNA
1PS6A
1PSDA
1PT5A
1PT8A
1PV2H
1PVHA
1PW6B
1PXXA
1PYIB
1Q08B
1Q09A
1Q0AA
1Q0AB
1Q1BA
1Q20A
1Q6QB
1Q6TA
1Q6UA
1Q91A
1Q9MC
1QB3B
1QB3C
1QCDA
1QD6C
1QD6D
1QDUB
1QFPA
1QFWB
1QG1E
1QHMA
1QIAA
1QICA
1QKUA
1QM9A
1QNDA
1QO6A
1QPZA
1QRQA
1QRRA
1QSMB
1QSMD
1QSPA
1QUMA
1QVCB
1QVCD
1QXXA
1QYNB
1QYNC
1QYND
1R1PA
1R1SA
1R1VB
1R21A
1R27B
1R5TB
1R5TC
1R5TD
1R6OB
1RAXA
1RB7A
1RE3F
1RE4C
1REWC
1REWD
1RF0B
1RF0E
1RF1B
1RFAA
1RGXC
1RHWA
1RIIB
1RIIC
1RIID
1RJ7E
1RJ7H
1RJ7I
1RJ7J
1RJ7K
1RJ7L
1RJFA
1RKEA
1RKSA
1RLAA
1RMQB
1RMTA
1ROZA
1RPLA
1RQDA
1RRPA
1RUNB
1RV6V
1RV6W
1RV6X
1RW8A
1RX0C
1RY4A
1RY7A
1S03H
1S1CY
1S56A
1S56B
1S62A
1S67L
1S67U
1S95B
1S9KD
1S9KE
1S9VD
1SA4B
1SCEA
1SCED
1SD5A
1SEBA
1SEMB
1SFCJ
1SFRC
1SG2A
1SG2C
1SHCA
1SIWB
1SJ2A
1SJ7B
1SJ7C
1SKOA
1SL5A
1SLJA
1SN8A
1SNOA
1SQFA
1SRAA
1SSHA
1SYXA
1SZBB
1T1LA
1T34A
1T43A
1T4EA
1T4FM
1T4NA
1T65A
1T89C
1T8UB
1T9GA
1T9GB
1T9GC
1T9GR
1T9GS
1TA9B
1TBNA
1TC2B
1TFQA
1TGZA
1TIJA
1TIJB
1TJDA
1TKAA
1TL9A
1TLBA
1TLFA
1TLTB
1TNRR
1TPKA
1TTGA
1TVOA
1TWGI
1TYEB
1TZ1A
1U07B
1U2BA
1U39A
1U3CA
1U5GA
1U5GB
1U5WC
1U5WF
1U5WH
1U6ZB
1U7VA
1U7VC
1U8UA
1U9LB
1UAQA
1UB4C
1UFQA
1UJ3C
1UKEA
1UMTA
1UNND
1UNPA
1UOTP
1UOZA
1UQVA
1URKA
1UTCB
1UUXA
1UW4C
1UXCA
1V57A
1V5HA
1V9ZA
1VA7A
1VAFA
1VBMA
1VF6B
1VF9A
1VFCA
1VHHA
1VHMB
1VRCA
1VSCA
1W09A
1W0IA
1W1DA
1W1HB
1W1HC
1W1HD
1W2CA
1W4RA
1W63A
1W68A
1W7PD
1W8BL
1WAWA
1WCLA
1WGKA
1WLRA
1WLZB
1WLZC
1WPBM
1WQ1G
1WRTR
1WSPB
1WVZA
1WWAX
1WWAY
1WWHB
1WWHD
1WWWX
1WYXA
1WYXB
1X0NA
1X50A
1X7ZB
1X8XA
1X9XA
1XARA
1XARB
1XDOA
1XFGA
1XFGB
1XIWE
1XJ7A
1XK5A
1XK8A
1XK8D
1XKQB
1XMWA
1XNAA
1XP1A
1XPIB
1XQ9B
1XRJA
1XS9A
1XSFA
1XSJA
1XTNA
1XTNB
1XVIB
1XWAB
1XWDF
1XX3A
1XXBA
1XXBB
1XXOA
1Y0HB
1Y10B
1Y11A
1Y2FA
1Y2GA
1Y57A
1Y8MA
1Y96A
1YCIA
1YDKA
1YE9E
1YFNB
1YGOA
1YJMA
1YJMC
1YJQA
1YJXA
1YJXB
1YJXC
1YJXE
1YJXF
1YJXH
1YJXI
1YJXJ
1YJXK
1YK3C
1YK3D
1YK3E
1YK3F
1YK3G
1YK3H
1YKEA
1YL7B
1YLAA
1YMMA
1YN5B
1YNHB
1YONA
1YOVA
1YOVC
1YSAC
1YUCA
1YZ3A
1YZSA
1YZXA
1Z0MA
1Z0MB
1Z17A
1Z1MA
1Z28A
1Z2KA
1Z56B
1Z6TB
1Z87A
1Z8LA
1ZABC
1ZBJA
1ZDVA
1ZDXA
1ZEQX
1ZJ9A
1ZKNC
1ZOHA
1ZR5A
1ZUD4
1ZVLA
1ZYMB
1ZZJA
1ZZJB
1ZZJC
1ZZVA
1ZZWB
2A00A
2A24A
2A6QB
2A6RC
2A6VB
2A6WB
2A8VA
2AACA
2ABLA
2AEBB
2AG5B
2AG5C
2AHSA
2AK5A
2AKAA
2AKAB
2AN3B
2AN4A
2ANGA
2AO2A
2AOAA
2AOBA
2AOBB
2AOXA
2AQCA
2AQXA
2ARAA
2ARCB
2ARWA
2ARYA
2ASBA
2ASYA
2ATPC
2ATWA
2ATWC
2AVUA
2AVUB
2AW2X
2AWOB
2AXDS
2AYYA
2B0PA
2B13A
2B1KA
2B1LA
2B1LB
2B2NB
2B3JC
2B3JD
2B3LA
2B44A
2B48A
2B7CA
2BBUA
2BCVA
2BELA
2BGEA
2BH2A
2BH2B
2BH9A
2BHLA
2BI4A
2BJXA
2BM4A
2BM4B
2BM5B
2BM6A
2BM7B
2BM7C
2BN7A
2BRTA
2BSKC
2BSKE
2BTTA
2BVEA
2BYMA
2BZFA
2BZTA
2C0EA
2C0EB
2C0JA
2C2BA
2C2BC
2C2ZA
2C49B
2C4EA
2C59B
2C7MA
2C7NA
2C7NG
2CAZD
2CAZF
2CH6A
2CIAA
2CM2A
2CM3A
2CMCA
2CMKA
2CNEA
2CNKA
2CNKB
2CNLA
2CUBA
2D07B
2D11A
2D1OA
2D1PE
2D1XB
2D1XC
2D2QA
2D2QB
2D35A
2D5KB
2D5KC
2DC3A
2DC3B
2DEUA
2DG1B
2DG1C
2DG1D
2DH3A
2DH3B
2DPTB
2DYHA
2DYNA
2E0TA
2E2XA
2E3KA
2E3KB
2E3KD
2E6FA
2E88A
2EB0B
2EKYB
2EKYC
2EKYD
2EKYG
2EO9A
2EPIA
2EPIC
2ERSA
2ESWB
2EUAA
2EV1B
2EV2A
2EV2B
2EV3A
2EVNA
2EVZA
2EWNA
2EWNB
2EYQA
2EYQB
2EYZA
2EZYA
2F0YA
2F17A
2F17B
2F3WA
2F66F
2F6LA
2F6LB
2F84A
2FBMB
2FD6A
2FDJA
2FDKA
2FEJA
2FEZA
2FF4B
2FH0A
2FHOB
2FIBA
2FIFF
2FMME
2FNFX
2FP2B
2FR5B
2FR5C
2FR6A
2FR6B
2FR6C
2FTUA
2FUAA
2FV4B
2FZSC
2G1AA
2G2DA
2G2NC
2G6FX
2G70A
2G71A
2G72B
2G8EA
2G8NA
2GAEA
2GAQA
2GCUB
2GD4L
2GGTA
2GH0C
2GH0D
2GJ9A
2GJ9B
2GK1N
2GK1O
2GMWB
2GO0A
2GOOC
2GOOE
2GOOF
2GPOA
2GPQA
2GRCA
2GRXC
2GSKB
2GT3A
2GTEA
2GTPB
2GTRC
2GV2A
2GV6A
2GVPA
2GWFC
2GWFE
2GWHB
2GWOA
2GXBB
2GYRA
2GZWB
2H11A
2H1EA
2H1EB
2H27A
2H27D
2H3LB
2H42A
2H43C
2H5KA
2H5KB
2H64B
2H6TA
2H6UA
2H9GS
2HA8A
2HAJA
2HAKE
2HDCA
2HEVR
2HEYF
2HEYG
2HF7A
2HFPA
2HGFA
2HHLA
2HHLB
2HHLD
2HK5A
2HL4A
2HL5A
2HLOB
2HLOC
2HLOD
2HLOE
2HLOF
2HNPA
2HNTE
2HODB
2HODC
2HODD
2HODE
2HODF
2HODJ
2HODK
2HPHA
2HQSB
2HQTF
2HQTJ
2HQTL
2HQTN
2HRAA
2HRAB
2HSEB
2HSMA
2HSNB
2HT1A
2HUWB
2HUZA
2HV8D
2HV8E
2HXBA
2I2WA
2I62D
2I78A
2I83A
2I85A
2I9AB
2I9AC
2I9AD
2IB0B
2IDOC
2IGPA
2IL4A
2INZA
2IO3B
2IOGA
2IQ0A
2IV8A
2IV9A
2IWWA
2IXPB
2IY2A
2IYBB
2IYBC
2J0TA
2J0TB
2J0TC
2J2SA
2J3WF
2J8SC
2JA3A
2JA3B
2JE0A
2JFDA
2JFDC
2JG8A
2JG8B
2JG8C
2JG8E
2JG8F
2JIXB
2JIXC
2JJ9A
2JKHL
2JMRA
2JN7A
2JNBA
2JNPA
2JNWA
2JOGA
2JPDA
2JPSA
2JQIA
2JQYA
2JSAA
2JSOA
2JTSA
2JTXA
2JWEA
2JY8A
2JYIA
2JZHA
2JZOA
2K06A
2K07A
2K11A
2K1SA
2K29A
2K3XA
2K5BB
2K7WA
2K8AA
2K8GA
2K8PA
2K8VA
2K9AA
2K9GA
2KBWA
2KC2A
2KDVA
2KG2A
2KGLA
2KGWA
2KH2A
2KHSA
2KIDA
2KJCA
2KL2A
2KLOA
2KMIA
2KMZA
2KN6A
2KR0A
2KSBA
2KVEA
2KXXA
2KY6A
2KZ1B
2L05A
2L0WA
2L1CA
2L1PA
2L26A
2L4NA
2L4SA
2L5XA
2L75A
2L7EA
2L8YA
2L9WA
2LAEA
2LAGB
2LBDA
2LC7A
2LEPA
2LFGA
2LGLA
2LI6A
2LJRA
2LLOA
2LLXA
2LNWA
2LPNA
2LQNA
2LRRA
2LRVA
2LSBA
2LSIA
2LSKA
2LUOA
2LUQA
2LXBA
2LXLA
2LY31
2LYVA
2LZGA
2M07A
2M13A
2M16A
2M2IA
2M32A
2MB7A
2MBRA
2MDJA
2ME9A
2MF2A
2MGZB
2MH9A
2MIBA
2MLZB
2MM9A
2MMGA
2MOKA
2MP0A
2MP2A
2MP2B
2MPHA
2MPMA
2MPSA
2MRJA
2MTNA
2MTPA
2MW2A
2MX1A
2MX6A
2MXYA
2MYJA
2N0TA
2N0WA
2N0YA
2N51A
2N83A
2N88A
2N9EB
2NBBA
2NBVA
2NDOA
2NLWA
2NPTD
2NQPB
2NQPD
2NTEB
2NVUA
2NWGA
2NWGB
2NYAA
2NYTB
2NYTC
2O05A
2O06A
2O06B
2O0XA
2O25B
2O28B
2O2VB
2O4HA
2O53A
2O6GE
2O9AB
2O9AD
2OB1A
2OFPA
2OFPB
2OI5A
2OI5B
2OI6B
2OKVB
2OOXA
2OOXC
2OOYA
2OPZA
2OQBB
2OUZA
2OVJA
2OX9A
2OXXA
2OY2A
2OYHD
2OYHE
2OYIB
2OYIE
2OYNA
2OZ9R
2OZWA
2P01A
2P0RA
2P22A
2P4RA
2P6AA
2P6BA
2P6XB
2P7AA
2P9UE
2PCUA
2PEYA
2PHAA
2PHBB
2PI2G
2PITA
2PIVA
2PJYA
2PKFA
2PKFB
2PKKA
2PKMA
2PKNA
2PQ4A
2PQ9A
2PQAD
2PQNA
2PQRA
2PQWA
2PR3B
2PS1A
2PSMF
2PTUA
2PTUB
2PUYB
2PX9A
2PZXA
2Q3TA
2Q44A
2Q4GX
2Q4YA
2Q5EE
2Q6QB
2Q7MA
2Q7ME
2Q85A
2Q8ZB
2QADF
2QAFA
2QCPX
2QD0B
2QF2A
2QFBA
2QFWD
2QFWE
2QJAA
2QJBA
2QJGA
2QJIA
2QKHA
2QKLB
2QKMB
2QLPA
2QLPB
2QLPD
2QLPF
2QM9A
2QM9B
2QOPA
2QQCE
2QQDB
2QR0D
2QSGX
2QV6A
2QV6C
2QVFB
2QWMA
2QYPA
2QYPB
2QZDA
2QZHA
2R13A
2R1DH
2R1ZB
2R2NA
2R8JA
2R8JB
2R93C
2R99A
2R9CA
2R9XB
2RAWB
2RAXB
2RBAA
2RCWA
2RD5B
2RD5C
2RD5D
2RELA
2RF0A
2RIAA
2RICC
2RIDA
2RIDC
2RIEB
2RIIX
2RIIY
2RJCA
2RK8A
2RKZA
2RKZC
2RMJA
2RNFA
2RPQA
2RQAA
2RQHB
2RQMA
2RR6A
2RSEB
2RSNA
2RSVA
2RT5A
2RUKB
2SEBA
2SEMA
2SEMB
2USNA
2UWRA
2UX0D
2UX0E
2UX0F
2UX2A
2UXNA
2UXXA
2UZQA
2V0EA
2V1RB
2V1SA
2V1SF
2V2TB
2V5EB
2V5FA
2V66B
2V74B
2V74D
2V74H
2V76D
2V7EA
2V83A
2V85A
2V87A
2V87B
2V89B
2V8NA
2V9HA
2VB3X
2VBSA
2VBTA
2VBVA
2VEWA
2VEXA
2VG2A
2VG2C
2VG2D
2VGQA
2VH6B
2VHWB
2VHXE
2VN1B
2VNPA
2VODA
2VODB
2VOJA
2VONB
2VOOA
2VOOB
2VOPA
2VPVB
2VQJA
2VREB
2VREC
2VVQA
2VVQC
2VVQD
2VY2A
2VZZA
2W1BA
2W26B
2W49A
2W4FA
2W4PA
2W7UB
2W8BB
2W9EA
2W9LA
2W9LB
2W9LG
2W9LK
2W9LT
2W9LV
2W9RA
2WA8A
2WA8C
2WA9A
2WA9B
2WA9G
2WBWB
2WC2A
2WCDA
2WDVC
2WDVD
2WFJA
2WFYD
2WGQA
2WGQB
2WH5A
2WHBB
2WHIA
2WINI
2WIPD
2WO5A
2WO5D
2WOTA
2WOUA
2WPAD
2WPDE
2WPDF
2WPVA
2WPVC
2WPVE
2WQAE
2WQTA
2WSFE
2WTFB
2WU5C
2WU6A
2WWBB
2WWFC
2WWGA
2WWHB
2WY2D
2WYJB
2X18A
2X18B
2X18C
2X18E
2X5WA
2XACA
2XACB
2XACC
2XACX
2XAJA
2XBFA
2XDJA
2XDJB
2XDJC
2XE6A
2XG7A
2XG7C
2XGQA
2XL3A
2XNSA
2XNXA
2XNXB
2XNXC
2XNXD
2XNXE
2XNXF
2XNXG
2XNXH
2XNXI
2XNXJ
2XNXK
2XNXL
2XNYA
2XNYB
2XNYC
2XQNM
2XQRA
2XR5A
2XR6A
2XVAD
2XVTA
2XVTC
2XVTD
2XVTE
2XY8A
2XY8B
2XYCA
2XYGA
2Y1LA
2Y1LB
2Y1LC
2Y43A
2Y7CB
2Y8FA
2YC0A
2YGDA
2YGYC
2YH5A
2YHDA
2YINC
2YIND
2YIXA
2YIZA
2YJAB
2YLOA
2YNNA
2YOFC
2YVCA
2YVCB
2YVCC
2YXGA
2YY2B
2YYNB
2Z02A
2Z15B
2Z15C
2Z33A
2Z3KA
2Z3OA
2Z3QD
2Z3RB
2Z3RD
2Z3RF
2Z3RH
2Z3RJ
2Z3RL
2Z4DA
2Z4HB
2Z4JA
2Z5SM
2Z5SO
2Z6OA
2Z77A
2Z77B
2Z77C
2Z77D
2Z7AA
2Z7AB
2Z9AA
2Z9AB
2ZAVA
2ZAVB
2ZFHB
2ZFHC
2ZHKA
2ZHKB
2ZHNA
2ZIHA
2ZIIA
2ZIIB
2ZIIC
2ZIID
2ZKDB
2ZKEA
2ZKFA
2ZPUA
2ZU0A
2ZU0B
2ZVND
2ZVSB
2ZXUA
2ZXWE
3A2ZA
3A3KA
3A4AA
3A4UA
3A5JA
3A7AA
3A7OA
3A7OB
3A7OD
3A7OE
3A7OF
3A8YA
3ADWA
3AF1A
3AG0A
3AG2E
3AGAA
3AH8B
3AI8B
3ALRA
3ALRC
3ANSA
3ASLA
3AT3A
3ATPA
3ATPB
3AWIA
3AX2E
3AXWA
3AY4A
3AY4B
3B07B
3B08B
3B08E
3B08K
3B0AD
3B0IA
3B23B
3B27A
3B2EE
3B2EF
3B2EH
3B32A
3B3FA
3B3GA
3B3JA
3B3LA
3B4VD
3B5HC
3B5HD
3B5NG
3B5NK
3B65A
3B8KA
3B9KA
3BARA
3BBBC
3BBFA
3BBUA
3BDYV
3BEBA
3BEPA
3BIID
3BKTA
3BKTC
3BKUC
3BLSA
3BOAA
3BPNA
3BPWA
3BPWB
3BS1A
3BT2A
3BU8B
3BUAA
3BUKA
3BUWB
3BZIA
3BZMA
3C0XA
3C3WA
3C59A
3C5TA
3C7IA
3C90X
3C98B
3CB8A
3CHQA
3CHRA
3CKLB
3CLXA
3CLXC
3CLZA
3CM2A
3CM2C
3CM2D
3CM2J
3CM7A
3CM7B
3CM7D
3COGD
3CQRA
3CQRB
3CQZC
3CQZI
3CTOD
3CUQA
3CXHE
3CXHG
3CXHH
3CXQA
3D2ZA
3D4MA
3D4VA
3D4VC
3D55A
3D55B
3D55C
3D7SB
3D9BA
3D9SA
3D9SC
3D9UA
3DABA
3DABC
3DBZB
3DD2H
3DEPA
3DF9B
3DHXA
3DI0A
3DI0B
3DI1A
3DIWA
3DJ1A
3DJ3A
3DJ3B
3DJGX
3DJUB
3DK9A
3DKNB
3DKUB
3DKUD
3DKUE
3DNGA
3DOMB
3DP8A
3DP8C
3DRXC
3DT2A
3DT4A
3DT7A
3DTBA
3DVTE
3DWMA
3DWWA
3DWYB
3DYQA
3DYSA
3E1ID
3E1IF
3E1JA
3E1OA
3E2UA
3E2UB
3E2UD
3E37A
3E37B
3E3KA
3E3KB
3E6PL
3E7GC
3E7IA
3E9LA
3EAEA
3EAXA
3EB1A
3EDCA
3EFCA
3EFPB
3EJJB
3EMMA
3ENZA
3ENZB
3ENZC
3EQSA
3EQTA
3ERDA
3ERED
3ESWB
3ET1B
3EU9A
3EUHC
3EW0A
3EW0B
3EW3B
3EXGB
3EZIB
3EZIC
3EZID
3EZQB
3F2OA
3F2OB
3F47A
3F5XB
3F6UL
3F7RA
3F81A
3F8JB
3FALD
3FAUB
3FAVB
3FAVD
3FBNB
3FC0A
3FCKB
3FCUA
3FCUE
3FDOA
3FEAA
3FFKA
3FFKD
3FGNB
3FGNC
3FGND
3FGTA
3FGTB
3FH6B
3FHZB
3FHZC
3FHZD
3FIBA
3FISA
3FKIC
3FKSF
3FKSW
3FLGA
3FMOA
3FMPA
3FOZB
3FS1A
3FSXB
3FSXC
3FSXD
3FSYB
3FSYD
3FTVA
3FUIA
3FUJA
3FUMA
3FVHA
3FZFB
3G0BC
3G1MA
3G3QA
3G3UA
3G4KA
3G4KC
3G4KD
3G4LB
3G4LD
3G58A
3G65B
3G6DA
3G76A
3G76B
3G76C
3G76E
3G7YA
3GAEA
3GBQA
3GD1I
3GFEA
3GG3B
3GGJA
3GGRA
3GGRB
3GGRC
3GH8A
3GH8B
3GH8D
3GHGA
3GHGB
3GHGC
3GHGF
3GHGI
3GHGJ
3GHGL
3GIBA
3GIBC
3GJ0A
3GJ3A
3GJ9A
3GJ9B
3GJSA
3GJSC
3GLFB
3GLFC
3GLFG
3GLGA
3GLGE
3GLIF
3GLSB
3GLTA
3GNIA
3GNRA
3GQIB
3GQZB
3GTKC
3GURB
3GUTB
3GV3A
3GWXA
3GWXB
3GXPA
3GXPB
3GZNA
3H2XA
3H32C
3H32F
3H3BA
3H4Pa
3H63A
3H64A
3H64D
3H81A
3H81B
3H8DB
3HB5X
3HC5A
3HCCA
3HCNA
3HCUA
3HCUC
3HHDC
3HHDD
3HIKA
3HJHA
3HK1A
3HL5B
3HM5A
3HMTA
3HOBM
3HOXE
3HOXI
3HPQA
3HPXA
3HPXB
3HQ5B
3HQAA
3HQAB
3HQBB
3HR4A
3HR4C
3HRHA
3HRHB
3HUSA
3HUSB
3HX9B
3I2BC
3I2BG
3I2OA
3I3JA
3I3JD
3I3JE
3I3MA
3I3QA
3I4NI
3I5QB
3I5RA
3I6PA
3I71A
3I7ZA
3I8XB
3I8ZA
3I92B
3I92C
3IAKA
3IAXA
3IB8A
3IE4A
3IFKA
3II0A
3II0C
3IIKA
3IJEB
3IKOB
3IKOE
3IKOH
3IKPA
3IKPB
3IKPC
3IKQC
3IMJB
3INBC
3IOLA
3IQLA
3IQSA
3IR6B
3IRRA
3IRRD
3IUXA
3IUXC
3IVVA
3IW0A
3IWPA
3IWRB
3IWYA
3J45E
3J45G
3J45T
3J5SD
3J6LB
3J7HA
3J8BC
3J8GF
3J8GK
3JB9D
3JCMd
3JCPC
3JCUA
3JSVC
3JSVD
3JV4B
3JV4F
3JV5C
3JV5D
3JWDC
3JWDD
3JXGC
3JXUA
3JZOA
3JZQB
3JZRA
3K0XA
3K2SA
3K3EA
3K3HA
3K48A
3K4SA
3K5RA
3K6BA
3K6TA
3K71G
3K75D
3K75E
3K77A
3K8CA
3K8CB
3K8NA
3K9OA
3K9SA
3KCFC
3KFAA
3KHBA
3KHBB
3KJ0A
3KJ1A
3KJFA
3KJQA
3KJQB
3KL6B
3KMPB
3KMRA
3KMZB
3KO6A
3KO7A
3KO9C
3KOBC
3KOIA
3KOVA
3KPCA
3KPDA
3KPDB
3KQEL
3KR0A
3KR0B
3KS0A
3KT6A
3KT8B
3KTPA
3KTRA
3KUIA
3KUJA
3KURA
3KURC
3KURD
3KUSA
3KUTA
3KUTB
3KVLA
3KVOB
3KXMA
3KXNA
3L0JA
3L0LA
3L0LB
3L1VA
3L3XA
3L40A
3L40B
3L46B
3L7HB
3L7UA
3L7UB
3L89M
3L8EA
3L8EB
3LAJD
3LAJE
3LB6A
3LBCA
3LBCB
3LBCC
3LBCD
3LCNA
3LCNB
3LCPA
3LGIB
3LGNB
3LKUB
3LKUD
3LKUF
3LMNA
3LMTA
3LNHA
3LNJA
3LNXA
3LNZA
3LOGA
3LOGD
3LQAC
3LQCA
3LQCB
3LRUA
3LSEA
3LTFD
3LVKB
3LW5E
3M03B
3M0DC
3M9DA
3M9XA
3MA0B
3MA2A
3MA2D
3MAYA
3MAYC
3MAYD
3MAYE
3MAYG
3MAYH
3MB7A
3MDAA
3MDBA
3MDZA
3MFKA
3MFVA
3MFWA
3MG7F
3MHAB
3MICA
3MIDA
3MIFA
3MIHA
3MLJA
3MLPE
3MPUB
3MPWA
3MPWB
3MPWC
3MPWG
3MPWH
3MPYA
3MQBA
3MQBB
3MQBF
3MQIA
3MQIC
3MT6A
3MT6O
3MT6R
3MTRA
3MTRB
3MUPA
3MUPB
3MUPC
3MUPD
3MV2B
3MVIA
3MVXA
3MWEA
3MX0B
3MZFA
3N06B
3N1PB
3N1RA
3N1WF
3N34A
3N39C
3N3BC
3N3EA
3N3MA
3N3MB
3N4MA
3N4MB
3N4MC
3N52A
3N52B
3N52D
3N59C
3N59G
3N7YA
3N84A
3N84B
3N84E
3N84F
3N86J
3N8KD
3N8KM
3N8MA
3N8NX
3N97C
3N9YC
3NB3D
3NBAA
3NBKA
3NBKC
3NBKD
3NCUA
3ND2A
3NE1A
3NE3B
3NFLA
3NGAA
3NH0A
3NH1C
3NH1D
3NH2B
3NH4A
3NH7A
3NH9A
3NHNA
3NI0B
3NIFD
3NIIA
3NIMD
3NIMF
3NITA
3NMZC
3NOAA
3NOCC
3NOGC
3NR9B
3NT1A
3NTYA
3NW5A
3NW6A
3NY1A
3NZIA
3O1FB
3O23A
3O2BA
3O2BC
3O2GA
3O2HA
3O2OA
3O33B
3O36A
3O48A
3O4OA
3O4RA
3O4XD
3O5DA
3O5EA
3O8EB
3O9MA
3O9PA
3OAAG
3OB2B
3OBVA
3OBVD
3OD2A
3OD4A
3OEDC
3OEEO
3OEEW
3OEIA
3OEIB
3OEIJ
3OEIK
3OF9A
3OFHB
3OFNM
3OJ2A
3OJMA
3OLJA
3ONLC
3ORHB
3ORHD
3OS5A
3OTCA
3OTQA
3OUNA
3OVUB
3OW7A
3OW7B
3OWTA
3OWTB
3OZ1A
3OZ1B
3OZ1C
3OZDA
3P11A
3P12A
3P12D
3P13A
3P13B
3P1MA
3P1MC
3P35B
3P53A
3P5CL
3P6CA
3P7FA
3P7FB
3P7FC
3P9WA
3P9WG
3PB4X
3PB6X
3PB9X
3PBHA
3PD6A
3PDCA
3PDOA
3PFLA
3PFUA
3PHCA
3PILA
3PILB
3PJAB
3PKNA
3PLFB
3PMTA
3PNLA
3PNLB
3PNWC
3PNWF
3PNWL
3PNWO
3PNWX
3PO1B
3PO8A
3PRBA
3PRBB
3PTHA
3PUVA
3PUVG
3PV0A
3PV0G
3PVBB
3PVNA
3PVRB
3PVVA
3PVVB
3PW1B
3PW8A
3PWQI
3PWQK
3PZKB
3PZKC
3Q0GC
3Q0GF
3Q0JF
3Q0RA
3Q4NB
3Q4RA
3Q5XA
3Q6BA
3Q9YA
3QB4B
3QB4D
3QB5B
3QBYA
3QC8B
3QF2B
3QGPA
3QHSB
3QHSC
3QHSD
3QHSH
3QHSK
3QJ8B
3QJ9B
3QK5A
3QK5B
3QKVB
3QLWA
3QN0A
3QN9A
3QQ8B
3QRLA
3QRVB
3QS1A
3QS1C
3QS7A
3QS7B
3QS7D
3QS9A
3QT2C
3QT2D
3QT2E
3QTKA
3QU3B
3QU3C
3QVGA
3QX1A
3QXAA
3QY9B
3QZOA
3QZOC
3QZTA
3QZVA
3R2PA
3R3MC
3R5RA
3R8IA
3R8KA
3RAWB
3RCWA
3RCWE
3RDVA
3RDVB
3RDVD
3REEA
3RESA
3RF3A
3RF3B
3RG3A
3RI4A
3RKOJ
3RLFG
3RN6A
3RPBA
3RPUG
3RPUY
3RW6A
3RW6B
3RWVA
3RX2A
3RYPA
3RYRB
3RZ2A
3S48A
3S48B
3S4MA
3S5NA
3S7GB
3S90A
3S90B
3S9KA
3S9YA
3S9YB
3SDIC
3SDIF
3SEKB
3SFJC
3SGIA
3SGJA
3SGJB
3SHBA
3SHDA
3SHIA
3SHTA
3SHTB
3SHTC
3SHUA
3SHUB
3SHVA
3SHVB
3SIPA
3SIPB
3SIPC
3SIPD
3SIVJ
3SJAC
3SJBC
3SJBD
3SJCC
3SJMA
3SL3B
3SL4C
3SL5A
3SL8A
3SL8C
3SMEA
3SNLA
3SOUB
3SOWA
3SOWB
3SOXA
3SP4A
3SP4B
3SP9A
3SSDA
3SSEA
3SSEB
3SSWN
3ST6A
3SU8A
3SW2A
3SXUA
3SXUB
3SZQA
3T3MA
3T3MB
3T3MD
3T3YA
3T46A
3T47A
3T49A
3T4AG
3T7GA
3T97A
3TCHA
3TFYA
3TGOB
3TH3L
3TIQB
3TJ2A
3TJ5A
3TKZA
3TL0A
3TMKD
3TMKE
3TPXE
3TSOC
3TSRB
3TSVA
3TT4A
3TVJB
3TWDA
3TWQA
3TWSA
3TWSC
3TWTA
3TWWA
3TWYA
3TZ6A
3U15A
3U15D
3U2OA
3U2UA
3U3DA
3U41G
3U4UA
3U73A
3UA6B
3UA7A
3UA7C
3UA7D
3UC5A
3UELA
3UFJA
3UI7A
3UIOB
3UJRB
3UKRE
3UMNB
3UNBN
3UNEC
3UO9A
3UO9D
3UOBA
3UOFA
3UTLA
3UUOA
3UUXA
3UUXC
3UV2A
3UV4A
3UV4B
3UVDA
3UW9B
3UW9C
3UW9D
3UWPA
3UXNA
3UYOA
3V33A
3V36A
3V3BA
3V3QB
3V69B
3V7JA
3V95A
3V95B
3V9BA
3V9GA
3V9GC
3V9SA
3V9XA
3V9XB
3V9XC
3V9ZA
3VA0A
3VA1A
3VA2A
3VBAC
3VBAD
3VBAE
3VBEB
3VD0A
3VD0B
3VD0D
3VD0I
3VD0K
3VD2A
3VD2B
3VD2D
3VEHB
3VHXB
3VHXH
3VI6A
3VIQC
3VIRA
3VIRB
3VIRC
3VIRD
3VKNA
3VLCE
3VN9A
3VNAA
3VOEA
3VOEB
3VU3A
3VU3C
3VU3D
3VU3E
3VU3F
3VUAA
3VYYB
3W03A
3W1ZA
3W1ZC
3W2TA
3W4YA
3W4YB
3W4YC
3W5UA
3W6RA
3W7CA
3W7RA
3W87A
3WDCA
3WE3A
3WHUA
3WIYA
3WJJB
3WJJC
3WK6A
3WKNB
3WKNC
3WKRD
3WKRG
3WKSC
3WKSD
3WN7A
3WNWF
3WRPA
3WTZB
3WU0A
3WUSA
3WXRG
3X0EA
3X0FA
3X1UC
3X23A
3X3FA
3ZDMA
3ZDMB
3ZDQA
3ZE0B
3ZHHA
3ZHWB
3ZIAD
3ZIAE
3ZIAF
3ZMSA
3ZNQA
3ZNVA
3ZR1A
3ZRFC
3ZRFI
3ZRFL
3ZS4A
3ZS8C
3ZS8D
3ZUNF
3ZVMA
3ZVMB
3ZVYB
3ZXVA
3ZZFD
3ZZHA
3ZZHB
3ZZHC
3ZZIA
487DN
4A0KA
4A0YA
4A0ZA
4A0ZB
4A2IU
4A3NA
4A4GA
4A4HA
4A53A
4A63D
4A63F
4A63H
4A63J
4A69C
4A69D
4A94A
4AA7A
4AA7B
4AB7A
4AB7H
4ADBA
4ADQE
4ADQF
4ADQG
4AECA
4AELA
4AG9A
4AH2A
4AJ3A
4AJDA
4AJDD
4AJGA
4AJMD
4AL0A
4AL1A
4ANMA
4AOHA
4AOKB
4AONB
4AONE
4AQDB
4AQLA
4AS4A
4ASWA
4AVVA
4AYKA
4AYVB
4AYXA
4B6VA
4B7WA
4B7WB
4B86B
4B8WA
4B8ZA
4B95I
4BC0A
4BC0B
4BC0C
4BCKD
4BCRA
4BD9A
4BDTA
4BEGB
4BFLA
4BFLB
4BFLC
4BFLD
4BFZA
4BGMA
4BIKB
4BITA
4BJ5C
4BJOA
4BJOB
4BK4B
4BK5C
4BKPD
4BL5A
4BL5B
4BL5C
4BL5D
4BL5F
4BLVA
4BLWB
4BN5D
4BQFB
4BSSC
4BT8B
4BT9A
4BT9B
4BTAA
4BTTA
4BWQA
4BWQC
4BWSC
4BWSF
4BXRB
4C0BB
4C0DA
4C0DB
4C0FD
4C16A
4C1IA
4C1IC
4C1QA
4C3ZA
4C4MA
4C4NA
4C4NB
4C4PB
4C4WA
4C4WB
4C4WE
4C4WF
4C4XA
4C4YA
4C4ZA
4C5AB
4C5BA
4C5FA
4C79A
4C8QE
4C92E
4CC6A
4CDOA
4CFHB
4CG4A
4CG4B
4CG4E
4CKDA
4CKVX
4CL0A
4CL7A
4CN2D
4CN7E
4CR31
4CR3D
4CR3G
4CSKA
4CSTA
4CT7A
4CWDA
4CXAB
4CXAD
4CXRB
4D08A
4D08B
4D08D
4D09B
4D09C
4D0NB
4D61F
4D61g
4D61I
4D61K
4D61L
4D61M
4D61V
4D69A
4D8JB
4D8JG
4DCXB
4DCYA
4DELA
4DEPA
4DEPD
4DFCC
4DGIA
4DGLB
4DHIB
4DHJA
4DHJE
4DHJI
4DHJL
4DM4A
4DM4B
4DNTB
4DNTC
4DNWB
4DO3A
4DO3B
4DOIA
4DORB
4DRHA
4DRHD
4DSAA
4DX7A
4DX7C
4DYMA
4E1RA
4E1RB
4E3IB
4E4QA
4E4ZA
4E5YD
4E5ZA
4E9CA
4E9DA
4E9EA
4E9FA
4EAYA
4EAYC
4EB9C
4EC4A
4EC4B
4EC4C
4EC4E
4EC4F
4EC4G
4EC4K
4EMNA
4ENOA
4EOJB
4EOJD
4EOOB
4EOOD
4EPUA
4ERSA
4ES4B
4ES4D
4ESRA
4EWIB
4EWLA
4F02D
4F0AA
4F25A
4F26A
4F2BA
4F2BB
4F42A
4F44A
4F56A
4F7UE
4F7UJ
4FA8E
4FAOE
4FC6B
4FCIA
4FMNA
4FMOA
4FMQA
4FOEA
4FQFA
4FQFB
4FQNA
4FQNC
4FQND
4FT8B
4FTXA
4FVTA
4FXEB
4FYYB
4FYYD
4FZZA
4G0NB
4G0OB
4G0YA
4G1MB
4G24A
4G3XB
4G3YC
4G4SG
4G5QA
4G5QD
4G6JA
4G6MA
4G83A
4G96D
4G9AA
4G9AB
4G9AC
4G9LA
4G9LB
4GBAB
4GDMA
4GDMB
4GDMC
4GGAA
4GGDA
4GGFC
4GGFL
4GHSA
4GJQB
4GKOI
4GKOL
4GKYA
4GMHA
4GN8A
4GNBA
4GPIB
4GPIC
4GPTA
4GS7D
4GUOB
4GUOI
4GUOK
4GV8B
4GV8C
4GV8D
4GV8F
4GWPA
4GXGA
4GXGD
4GXGE
4GYPA
4GYPB
4GZ9A
4H0WA
4H2ZA
4H6HA
4H6HB
4H6IA
4H8AB
4H95A
4HAEA
4HATA
4HBDA
4HBMA
4HBMB
4HCKA
4HDAA
4HDAB
4HEUA
4HG3C
4HJ0A
4HJ2A
4HMYA
4HQAA
4HW3A
4HW3B
4HW3D
4HW4A
4HY0A
4HY0C
4HY0D
4HY5A
4HY5B
4HZFA
4HZFB
4I0CA
4I42A
4I42B
4I42C
4I8CB
4IC7A
4IC7B
4IC7D
4IC7E
4IDOA
4IEMA
4IEMD
4IEYA
4IF6A
4IFDG
4IFIA
4IFNX
4IG9E
4IG9G
4IHGA
4IHGB
4IHGC
4IHGD
4IHHA
4IHHC
4IHHE
4IHHF
4II4B
4II4C
4IJRA
4IKPA
4IKPB
4IMOA
4IMYF
4IN3C
4IN4A
4IN4B
4IN4C
4IZAB
4J2LB
4J3JA
4J3OF
4J4NB
4J4NC
4J5OA
4J6KF
4J6KG
4J6LD
4J6MD
4J6NA
4J6PD
4J6QA
4JAAA
4JBWF
4JBWG
4JCHA
4JE4A
4JEHB
4JEUB
4JGDA
4JGHB
4JH0A
4JHTA
4JK1A
4JK1F
4JK7A
4JK9B
4JL4B
4JLEB
4JLGA
4JLGB
4JM2F
4JNCA
4JO9B
4JQ3A
4JQ3B
4JQ5A
4JQAB
4JS2A
4JS4A
4JSHA
4JT9A
4JTAA
4JV7A
4JXEB
4JYKA
4JYVL
4JYZA
4JZ1A
4JZLA
4JZLB
4K1RA
4K24A
4K26A
4K30Y
4K4BA
4K4HI
4K4IA
4K4IE
4K7NA
4K7OC
4K8VA
4K8VC
4KB0A
4KB0B
4KB1B
4KEHA
4KEHB
4KFWA
4KI0G
4KI7S
4KI7X
4KIUA
4KIUD
4KL7A
4KLQA
4KM5A
4KMLA
4KMZA
4KN0A
4KN2A
4KN2C
4KNGP
4KP8B
4KP8D
4KT1E
4KWJA
4KXQA
4KZZF
4KZZg
4KZZL
4KZZM
4L0YA
4L1LA
4L3LA
4L41A
4L41B
4L4ZA
4L4ZB
4L5IA
4L5ID
4L5JA
4L7QC
4LAVA
4LAWB
4LAXA
4LBDA
4LCTB
4LCTC
4LDQA
4LEFA
4LEFC
4LEZA
4LGEA
4LGEB
4LGUB
4LL7A
4LL7B
4LL7D
4LL7E
4LL7G
4LL8B
4LL8E
4LLJA
4LM1B
4LM3A
4LOOA
4LOPA
4LOQA
4LOQD
4LPAA
4LRHD
4LRXA
4LVOA
4M00A
4M02A
4M3DA
4M3EA
4M4RD
4M5NA
4MAFB
4MAFC
4MAFD
4MAKB
4MD7H
4MDQA
4MIKA
4MIKB
4ML2A
4ML7A
4MMMA
4MMXC
4MP8A
4MQ4A
4MQJD
4MQQA
4MQQB
4MRDA
4MS0B
4MS6A
4MSAB
4MSCA
4MSHA
4MSJA
4MSJC
4MSNA
4MSNB
4MSQA
4MTHA
4MU7B
4MWHA
4MXDA
4MY6B
4MYSA
4MYSC
4MZ9A
4MZMA
4MZPA
4MZPB
4MZPC
4MZTA
4N0AB
4N14A
4N1MA
4N1UA
4N3UA
4N6MA
4N6MB
4N6NB
4N6OB
4N8MB
4N8MC
4N8MD
4N90R
4N90S
4N90T
4N94B
4N9OA
4NAAA
4NAUA
4NAUB
4NB6B
4NBIA
4NEFA
4NEFB
4NEFD
4NFKF
4NH1A
4NIEA
4NL5A
4NL5B
4NNLB
4NNMA
4NNMB
4NPEA
4NPNA
4NR1A
4NR4A
4NR4B
4NTBA
4NTFA
4NXTB
4NXUC
4NXVC
4NYXA
4O02B
4O1VA
4O4LD
4O56A
4O5UA
4O64C
4O6AB
4OCCA
4OCCC
4OCNA
4OCND
4OCZA
4OD0A
4ODBD
4ODEA
4OGBB
4OGNA
4OI4A
4OJJA
4OJJC
4OL4A
4OM2A
4OM2B
4OM2C
4OM3A
4ONIA
4ONIB
4OOGC
4OR5B
4ORAB
4OV5A
4OW1A
4OW1T
4OW1U
4OW1W
4OWFB
4OWXB
4OY9A
4OZGC
4OZIA
4P1ZC
4P2RA
4P3BA
4P3BC
4P3BD
4P3WE
4P5UA
4P69C
4P6IA
4P6IB
4P6ZG
4P7KA
4P8TA
4P9ZA
4PBYB
4PC0A
4PC3C
4PE8A
4PGMA
4PGMB
4PGMC
4PHKA
4PJOB
4PJOG
4PJOL
4PJOm
4PJOp
4PSQB
4PSWA
4PSXA
4PUFC
4PUGA
4PUHA
4PVZA
4PXJB
4PXJC
4PYGA
4PZ3A
4PZ3B
4PZ4B
4Q6FA
4Q6IC
4Q6YA
4Q7DA
4Q7JA
4Q7JE
4Q9VB
4QAFD
4QBWA
4QCCA
4QD2E
4QDLF
4QDSB
4QGKA
4QH8A
4QH8E
4QIIA
4QIIB
4QIID
4QIIE
4QIIJ
4QJ0A
4QJ0B
4QPLA
4QPYB
4QQ6A
4QR9A
4QSYA
4QT0A
4QTEA
4QUCA
4QUFA
4QUFB
4QUFF
4QUSB
4QVBA
4QVBB
4QVTA
4QVTC
4QVTD
4QVTE
4QVTH
4QXFC
4QXFE
4QYZE
4QYZF
4R18K
4R2GL
4R3EA
4R3OC
4R4HB
4R5BA
4R8DA
4R8DB
4R8HB
4R8UA
4R8UB
4R9TA
4RAEA
4RC1A
4RC1B
4RC1C
4RC1F
4RDDA
4RHBA
4RHBB
4RLIA
4ROVA
4RP8A
4RQ1A
4RQ2A
4RQ7A
4RQIA
4RQSB
4RRFA
4RRFB
4RRFE
4RSUJ
4RSUL
4S0NB
4S15A
4S15B
4S1FA
4TTCA
4TW8A
4TWTA
4TX5B
4TXPA
4TXQA
4U17A
4U18C
4U1AA
4U1AB
4U3YA
4U40B
4U43B
4U4AA
4U4AC
4U68A
4U68B
4U68C
4U6CA
4U7EB
4U7UB
4U7UC
4U7UK
4U7YA
4U8DA
4UBAA
4UEAA
4UEAC
4UEAE
4UEBC
4UECA
4UI1B
4UI9E
4UKDA
4UN0A
4UOXA
4UOXB
4UOYA
4USLA
4UU9C
4UU9D
4UUKC
4UUSB
4UUTA
4UUZC
4UX6B
4UX8D
4UY1A
4UY81
4UY8K
4V2OA
4V2SA
4V2SB
4V2SC
4V2SD
4V2SE
4V2SF
4V3LD
4W4NA
4W4NB
4W4OB
4W93A
4WB2B
4WB3A
4WB3B
4WB3C
4WEEA
4WF9J
4WFAG
4WFAI
4WFAJ
4WFAS
4WFCD
4WFCF
4WFDB
4WFDE
4WFDH
4WI2A
4WJGD
4WJXA
4WKFA
4WLBA
4WMRA
4WOPA
4WPBB
4WPFA
4WQOA
4WQPB
4WSQB
4WV1F
4WVEA
4WVEB
4WWIA
4WWIB
4WWIC
4WXQA
4WYDA
4WYDB
4WYFB
4WZJK
4X2KA
4X4MA
4X4MB
4X4MC
4X4MD
4X5WA
4X9RA
4X9WA
4XGAB
4XK4A
4XK4C
4XMBA
4XO6A
4XO7A
4XOSA
4XOSB
4XPUB
4XQJA
4XQNA
4XQND
4XQQD
4XR0A
4XR1A
4XR3A
4XVGA
4XXUA
4XZ0A
4XZRB
4XZUM
4Y0GA
4Y18D
4Y19A
4Y1AA
4Y5OA
4Y76B
4Y7JA
4Y7JB
4Y7JC
4Y7JD
4Y7JE
4Y7KA
4Y7KD
4Y87A
4Y87B
4Y97B
4Y97D
4Y97F
4Y97H
4YCGA
4YCGB
4YCIB
4YDYJ
4YDZA
4YEEB
4YEED
4YEFA
4YEFC
4YEFD
4YF5A
4YGCA
4YGDA
4YGXC
4YKDA
4YKWA
4YL6A
4YLQT
4YM1A
4YM1C
4YM3A
4YMLA
4YOEA
4YQHA
4YQMA
4YR8G
4YR8H
4YS7A
4YS7B
4YT7L
4YXCB
4YYPA
4Z0LA
4Z0MA
4Z0MB
4Z2WA
4Z3DB
4Z3DC
4Z49B
4Z68A
4Z7BA
4Z7NA
4Z7NB
4Z7NC
4Z7ND
4Z99A
4Z9AA
4Z9HA
4Z9HB
4Z9IA
4Z9IB
4Z9JA
4ZA0B
4ZBIA
4ZDTB
4ZFFD
4ZFGA
4ZFIA
4ZFIB
4ZFIC
4ZGKA
4ZGKB
4ZGYB
4ZGZB
4ZGZD
4ZI9A
4ZIJA
4ZJLA
4ZJLB
4ZJLF
4ZJRB
4ZJRC
4ZJRD
4ZKAA
4ZKAD
4ZKAE
4ZKAF
4ZLRB
4ZMGA
4ZMTA
4ZMTB
4ZMXB
4ZMZA
4ZN1B
4ZN3B
4ZNEE
4ZNXA
4ZNXB
4ZOMC
4ZOMD
4ZR0A
4ZR0B
4ZR1A
4ZRAA
4ZRAC
4ZRYB
4ZVEA
4ZVGA
4ZVGB
4ZVHA
4ZVZA
4ZVZB
4ZVZD
4ZX2A
4ZY3A
4ZYBB
4ZZJA
5A0MA
5A2QD
5A2QK
5A2QM
5A2QO
5A4UA
5A6RA
5AB8A
5ABDI
5ACBB
5ADYK
5AEXA
5AEXD
5AI6A
5AKA1
5AKAC
5AKAJ
5AKAT
5AKAZ
5AN4A
5ANSA
5ANTC
5APKB
5AQFB
5AQIB
5AQID
5AQJB
5AQKB
5AQNB
5AQOD
5AQPD
5AQPF
5AQSD
5AQVB
5AWFB
5AWGB
5AWGF
5AXPA
5AYGA
5AYGB
5AYWC
5AYWE
5B1NA
5B4LB
5B83A
5B83C
5B83D
5B83F
5BNQA
5BNVF
5BPBB
5BPBD
5BQCB
5BQGA
5BT5A
5BW8D
5BX1A
5BXOA
5BXUA
5BXVA
5BZTA
5C0KA
5C0WG
5C0WL
5C0XG
5C1VA
5C2YB
5C3FA
5C3IH
5C3IT
5C3KA
5C4JC
5C4VD
5C4VF
5C5AA
5C5SA
5C5SD
5C6HA
5C6HE
5C6HK
5C6HU
5C77A
5C7CA
5C8WB
5CD4F
5CD4G
5CD4H
5CD4J
5CHZA
5CI8A
5CI9A
5CIQA
5CIQB
5CITA
5CITB
5CJFA
5CLLB
5CLQB
5CLQD
5CO7E
5CORI
5CPSA
5CQUA
5CR2A
5CR2B
5CR2C
5CSUA
5CU9A
5CXDB
5CXDC
5CXYA
5D0OA
5D0OC
5D0OE
5D1XE
5D2MB
5D2MC
5D2ME
5D3NA
5D4UA
5D5QA
5D5QB
5D65A
5D6EA
5D6FA
5D6XA
5D7EA
5D7NC
5D7NE
5D8JA
5DDYA
5DFIA
5DFWA
5DI1B
5DIQF
5DLJF
5DN2A
5DQTC
5DQTJ
5DQTN
5DQUF
5DQYA
5DS5B
5DS5E
5DS6E
5DW1A
5DYHA
5DZYB
5DZYD
5DZYE
5DZZA
5E0MA
5E27B
5E2RA
5E3LA
5E3LB
5E4XA
5E8SA
5EA1B
5EA1C
5EFQB
5EFQD
5EG3B
5EGLA
5EGUB
5EGUC
5EGUD
5EHDh
5EHDJ
5EICA
5EJ4A
5EK9A
5EKIB
5EKIC
5EKIE
5EKQD
5EKQE
5ELRD
5ELSA
5ELSD
5ELSE
5ELSF
5ELUB
5EN4A
5ENGA
5EOPA
5ES4A
5ETHA
5ETKA
5ETPA
5EU9A
5EU9C
5EU9F
5EUBA
5EUCA
5EUCB
5EUCC
5EUCD
5EX7A
5EXRD
5EYZA
5F0PC
5F1AB
5F3XC
5F5PA
5F5RA
5F9SA
5F9SB
5FDZA
5FDZB
5FE6A
5FE6B
5FE8A
5FG6A
5FI0B
5FI0D
5FI0F
5FI0H
5FI7A
5FKJA
5FKJB
5FKJC
5FLXD
5FLXF
5FLXK
5FLXL
5FLXO
5FLXV
5FM5M
5FMUB
5FMUC
5FMUD
5FNSA
5FNUA
5FOAE
5FPRA
5FT4A
5FTTC
5FTTH
5FU6B
5FU7B
5FV2W
5FZ5C
5FZ5I
5G0HA
5G0JA
5G6UA
5G6UB
5G6UD
5GGKA
5GGKB
5GGLB
5GGOB
5GJHC
5GJQQ
5GJQR
5GM6J
5GMJB
5GMLA
5GNJA
5GNJB
5GNJG
5GNJI
5GSTA
5GZCA
5GZDA
5GZFA
5GZGA
5H07A
5H1XB
5H2ZA
5H3JA
5H4DA
5H5EA
5H5FA
5H6QA
5H6RA
5H7PA
5H84A
5H86A
5H9FF
5HA9A
5HF7A
5HGJA
5HGJB
5HKPA
5HM7A
5HMSA
5HMSB
5HQ7A
5HS6A
5HWLA
5HWLB
5HZQA
5HZQB
5I1BA
5I7ZA
5I80A
5I91A
5I9JA
5IAWA
5IAWB
5IC4A
5IC4G
5IDZA
5IDZB
5IF4A
5IILA
5IIOE
5IJOH
5IKQA
5IL0A
5ILGB
5IMSB
5IOKA
5IQQA
5IQQB
5IQQC
5IQQD
5IQQE
5IS7C
5IS7D
5IS8A
5ISCA
5ISCB
5ISCC
5ISDB
5IT3A
5IW4A
5IW4B
5IW5B
5IXBA
5IXKA
5IXKB
5IY6V
5IZ0A
5IZ0G
5J0PA
5J0WA
5J2RA
5J3EA
5J3YB
5J4QB
5J6DA
5J7EA
5J7EB
5J7EC
5J7FA
5J7FB
5J7FD
5J7GB
5J7GC
5J9TK
5J9WC
5J9WG
5J9WK
5JA4C
5JABA
5JABB
5JABD
5JBNB
5JCZD
5JEJB
5JELA
5JFFB
5JHWA
5JJMA
5JJMC
5JJMD
5JJZA
5JK7D
5JMNB
5JMYA
5JN8C
5JNSA
5JPGA
5JPGB
5JS6A
5JTNE
5JTOA
5K23A
5K24B
5K3MA
5K3NB
5K6EB
5K74A
5K7UA
5K7UB
5K7WA
5K8VB
5K8VD
5K8WA
5K9DA
5K9VA
5K9WA
5KA0A
5KA1A
5KB5A
5KEFA
5KGTA
5KGTB
5KIJA
5KL8B
5KM8A
5KM8B
5KNXB
5KNYB
5KQ4B
5KQMA
5KSUA
5KTUA
5KUGA
5KUIA
5KVUB
5KWJA
5KWYD
5KZ5A
5L13A
5L13E
5L2OA
5L2OC
5L2WB
5L2ZL
5L3LA
5L4KQ
5L4KR
5L4KV
5L4UA
5L6KA
5L6RA
5L7WA
5L8XB
5LARA
5LAXC
5LAYD
5LAZA
5LC4B
5LC4C
5LD2D
5LEYB
5LEYP
5LFJA
5LFJB
5LFJD
5LHDB
5LHDC
5LHTA
5LHXA
5LJ5M
5LJ8B
5LJOA
5LJOE
5LKJA
5LKRA
5LL6X
5LM9A
5LN2A
5LN3C
5LNSD
5LO8A
5LO8B
5LOBA
5LOBB
5LOWB
5LOWI
5LOWJ
5LP8A
5LPKB
5LTLA
5LUF2
5LVRB
5LVXA
5LVXC
5LWPA
5LZCY
5LZXJ
5M1SF
5M2CA
5M2IA
5M2MB
5M32E
5M32m
5M32P
5M32S
5M33A
5M3DA
5M3DB
5M3DC
5M3TB
5M44A
5M4IA
5M4RA
5M4RB
5M5EB
5M5EC
5M5RA
5M6EA
5M6LA
5M6MA
5M6NB
5M78A
5M7GA
5M7VC
5M7VD
5M7WD
5M80D
5MDXA
5MDXB
5MDXD
5MDXG
5ME1U
5MG3E
5MJ4B
5MKXB
5MMJl
5MMZB
5MPEU
5MPGA
5MPKA
5MPZA
5MQFa
5MQFh
5MQGA
5MRAA
5MRFC
5MRFH
5MRFZ
5MRLA
5MRLB
5MS0A
5MS0F
5MSAC
5MTMA
5MU8H
5MUEA
5MUGA
5MWVA
5MY1V
5MYMB
5MYMC
5MYNA
5MZEA
5MZEC
5MZGB
5N0DA
5N2LD
5N5ZE
5N6OA
5N91A
5N9JU
5N9JZ
5N9PA
5N9RB
5N9TB
5NAJA
5NAJC
5NANB
5NC5A
5NC5B
5NCPA
5ND9T
5ND9V
5NEVB
5NFUA
5NG5K
5NGVA
5NH3A
5NHRC
5NIFD
5NIFG
5NIFL
5NIMA
5NJ0A
5NL1A
5NL1B
5NL1C
5NMSB
5NQ6A
5NQ6B
5NQCA
5NRGI
5NRNB
5NROB
5NRRB
5NRWA
5NSRA
5NSSA
5NTCA
5NTCB
5NTCC
5NU8A
5NUFA
5NUFB
5NW7A
5NZ1G
5O2CA
5O35B
5O43A
5O4EE
5O66A
5O6XA
5O6ZA
5O9Zc
5O9Zd
5O9ZJ
5O9Zk
5O9ZO
5OAIA
5OBNA
5OBTE
5OCJA
5OD2A
5OD6A
5OD6B
5OF4A
5OF4E
5OG0A
5OJIA
5OJOA
5OLMB
5ON1A
5ONAA
5OOBB
5OOBD
5OOBG
5OOBJ
5OOGA
5OOM1
5OOMK
5OOML
5OOMO
5OOMu
5OPCA
5OSHA
5OTVA
5OTXA
5OVWA
5OW8A
5OWLB
5OXSB
5PABL
5PAFA
5PAKA
5PAOA
5PB5A
5QIMA
5QQDA
5QRUA
5QU6I
5RK2A
5S78B
5S8CA
5S8JA
5S8PA
5S8QA
5S8QB
5SUYA
5SUYD
5SVAX
5SVEA
5SVEB
5SVGB
5SVLA
5SVMA
5SVMB
5SWKA
5SXPA
5SXPC
5SYMA
5SYND
5SZLB
5SZOA
5SZOB
5SZWA
5T16A
5T19A
5T1OA
5T2AT
5T2FA
5T2QA
5T2QB
5T2RA
5T2WA
5T36A
5T3NB
5T6JA
5T8RA
5T9UD
5TBJD
5TBKI
5TBKK
5TBYA
5TBYB
5TCKB
5TDCC
5TGHE
5TGIA
5TGJA
5TGJC
5TICA
5TICB
5TQGL
5TQSC
5TRFE
5TUUA
5TWXD
5TY1A
5TZAB
5TZCC
5TZXB
5U00D
5U0Sh
5U0SR
5U0SV
5U28A
5U2EA
5U2FA
5U2RA
5U3RA
5U3SA
5U3ZA
5U4Jd
5U4PA
5U4XB
5U5SA
5U6MA
5U6MB
5U6SA
5U6VA
5U77A
5U7IB
5U7KC
5UAHA
5UEHA
5UFOA
5UGVB
5UHIA
5UI1B
5UI1C
5UI1D
5UK7A
5UK7B
5UK7E
5UK7F
5UK7H
5UK7K
5UKDA
5UKLG
5ULAA
5ULAB
5UMMA
5UMVA
5UNPA
5UPPA
5UQXA
5USQA
5UUMA
5UVWA
5UY8A
5UYLZ
5UZ4K
5UZ4L
5V1IA
5V1YA
5V1ZA
5V1ZB
5V5XA
5V5XD
5VARA
5VDUA
5VDWA
5VEUC
5VFEA
5VFOI
5VHSc
5VHSY
5VNAA
5VNAB
5VNAD
5VNBA
5VNBB
5VP0A
5VP0B
5VPAA
5VPAB
5VPBC
5VPBD
5VPCA
5VPCC
5VPDA
5VPDB
5VPDC
5VPDD
5VPEC
5VPFA
5VPFC
5VPFD
5VS2A
5VS4A
5VSUC
5VSUE
5VTPA
5VVJE
5VVKA
5VVKC
5VVLB
5VVLF
5VVRA
5VVRB
5VVRC
5VVRE
5VVRH
5VVRI
5VVSA
5VWCA
5VZSA
5W1FB
5W1FD
5W1FF
5W1TA
5W1TG
5W1TM
5W4RB
5W4SA
5W55A
5W58A
5W5KA
5W7XD
5W7YA
5WA5A
5WBHC
5WDTJ
5WFEB
5WFED
5WG8A
5WGMA
5WGMB
5WH6A
5WH6B
5WJ1A
5WLEA
5WQ4D
5WQ4F
5WQDB
5WQDC
5WQDE
5WQLB
5WRIA
5WRJC
5WTSB
5WY9A
5WZMA
5WZUA
5X16A
5X6GA
5X6MA
5X6ME
5X6UA
5X8Rl
5X8SA
5X8SB
5X9BA
5X9CA
5XF0A
5XGTB
5XHTA
5XJQE
5XJTG
5XJUE
5XKMA
5XKMD
5XNVA
5XR2A
5XR2B
5XR2C
5XR2D
5XR2E
5XR2F
5XS0A
5XTBF
5XTDQ
5XTZA
5XTZC
5XVKA
5XVKB
5XZBA
5Y2FA
5Y2UC
5Y35C
5Y39B
5Y39C
5Y39G
5Y39H
5Y4FA
5Y64B
5Y6GA
5Y6HA
5Y7NA
5Y7WB
5Y8VB
5YBVA
5YJ5A
5YJ8A
5YJIA
5YK3C
5YK3G
5YK3l
5YK3m
5YLZN
5YMYC
5YOUA
5YOYA
5YOYJ
5YURF
5YVEA
5YVNA
5YWSA
5YWSB
5YXCA
5YXKA
5YZ1A
5Z02A
5Z2WA
5Z38F
5Z38H
5Z38J
5Z38L
5Z39A
5Z3GG
5Z58b
5Z58d
5Z58i
5Z91A
5Z9KA
5ZA1A
5ZA1B
5ZAUA
5ZCJA
5ZF8A
5ZGCE
5ZIDA
5ZJ6A
5ZJ6B
5ZJAA
5ZLVF
5ZNLA
5ZUJA
5ZUOC
5ZXLA
5ZYNB
5ZYOA
5ZYOC
5ZZWB
6A33A
6A6JA
6A78A
6AAWA
6ABOA
6ACOA
6AG8C
6AGOC
6AH05
6AH0l
6AH0M
6AKOC
6AKRB
6AMNA
6AN6A
6ARBA
6ARHA
6ARHD
6AS5A
6ASOC
6ATHB
6ATOA
6ATOB
6ATPB
6ATUE
6AUMA
6AVOO
6AVQB
6AVRB
6AVUB
6AWFC
6AWFH
6AX5A
6AXQD
6AY2A
6AY2B
6AYIB
6AYYB
6AZEA
6B0IK
6B0TA
6B25A
6B30A
6B30B
6B33A
6B3EB
6B3ED
6B5IA
6B5YA
6B68C
6B7EA
6B90A
6B98A
6B9XB
6BA6A
6BB2F
6BB3A
6BBMB
6BBMC
6BBMD
6BBME
6BBMF
6BC1A
6BD9B
6BDYA
6BFKA
6BGSC
6BHAB
6BM2C
6BM2E
6BM2I
6BM6A
6BN6A
6BN6B
6BQXB
6BR3A
6BR3B
6BRBA
6BSMA
6BTQA
6BW2B
6BW8A
6BY0A
6BYUA
6BYVA
6C2QA
6C45A
6C45C
6C4IU
6C6SD
6C7EB
6C7GB
6C7GD
6C7JD
6C7RA
6C9QA
6C9RA
6C9YA
6CBRA
6CBRB
6CBTA
6CBTB
6CC4A
6CCGA
6CCHA
6CCKA
6CCNB
6CCQA
6CD4A
6CEVB
6CF6A
6CFIX
6CFVA
6CHNA
6CHPA
6CHPB
6CHTB
6CHTE
6CHTG
6CHTH
6CHTM
6CHTN
6CHTQ
6CHTS
6CHTT
6CKRB
6CKXB
6CL0B
6CN5A
6CO1A
6CO1B
6CO4A
6CRKA
6CS2D
6CSQA
6CSSA
6CSSB
6CTDA
6CUXA
6CUXG
6CVEA
6CVEB
6CVEC
6CVED
6CVHA
6CVOA
6CW8A
6CYCA
6CYTB
6CZFA
6CZFB
6CZFD
6CZYB
6CZZA
6D0AA
6D0YA
6D13B
6D1RA
6D2LA
6D2LD
6D2LE
6D2LF
6D3OA
6D3OB
6D5KB
6D5XB
6D6QC
6D6QD
6D6QE
6D84G
6D8XA
6DA1A
6DA1B
6DATA
6DBHA
6DCLA
6DD7A
6DDAB
6DDDV
6DDER
6DDGX
6DE9A
6DGEA
6DJPA
6DKJC
6DKJD
6DMKA
6DN7A
6DNDA
6DNDB
6DNEA
6DNHC
6DRDJ
6DRVA
6DVRA
6DZ0A
6E08L
6E14C
6E1FA
6E2FA
6E3GA
6E5BF
6E5BK
6E6JA
6EBLA
6ECPB
6ED7A
6ED7F
6EDBA
6EDHA
6EF0D
6EF1D
6EF3D
6EF3G
6EHPA
6EHRA
6EHRB
6EJXD
6EM3C
6EM5C
6ENGB
6ENPA
6ENXA
6EO0A
6EO0B
6EOKB
6EPD2
6EPD5
6EPDD
6EQ5A
6EQSA
6EQSB
6ERGA
6ERGD
6ETYA
6EVLA
6EVNA
6EWZB
6EXNM
6EXNr
6EXWA
6EXWC
6EY2A
6EY2E
6EZEA
6F0EA
6F0YA
6F1CC
6F1CD
6F1HA
6F1HB
6F1HD
6F20A
6F20B
6F22A
6F23A
6F3AL
6F3ZB
6F64A
6F6UA
6F7FA
6F7FB
6F7FC
6F7FD
6F7GC
6F8FD
6F8RA
6F8VA
6F8WB
6FBQA
6FBXA
6FDFA
6FF4s
6FF4Y
6FF4z
6FFEA
6FGAJ
6FGJA
6FGQB
6FGWA
6FHQB
6FI1B
6FKJC
6FLGA
6FLGB
6FLQF
6FN8A
6FN8B
6FOGA
6FOGC
6FOGE
6FOGF
6FOGG
6FOHB
6FOLA
6FPKA
6FPRA
6FT7A
6FTAA
6FTAB
6FTAC
6FTAD
6FTOA
6FVLA
6FVTG
6FVUD
6FVUR
6FVXD
6FVXR
6FW0A
6FW0B
6FX0A
6FYKA
6FYLA
6FYPA
6FYRA
6G18Q
6G22A
6G2Jg
6G7OA
6GB1A
6GBUG
6GCEA
6GCFA
6GCFB
6GCMA
6GCMb
6GCMB
6GCMD
6GCMf
6GD5A
6GFWB
6GFXC
6GHMC
6GHMD
6GHVA
6GHVC
6GIQa
6GJ0A
6GJ0B
6GK0A
6GMHD
6GMLU
6GNEA
6GPRA
6GY2A
6GY5A
6GYNA
6GYOA
6GYUE
6H25C
6H25D
6H2GA
6H2GB
6H2HB
6H2IB
6H2KA
6H42A
6H4CA
6H4CE
6H4CG
6H59A
6H59B
6H5AB
6H6QB
6HA6A
6HAXB
6HAYB
6HAYF
6HBNA
6HBYA
6HBYD
6HC8A
6HGXA
6HKPA
6HKRA
6HL0A
6HMAH
6HMAT
6HN7B
6HORA
6HPWA
6HPZA
6HQ0A
6HR2A
6HR2B
6HR2E
6HRLB
6HRMC
6HT5D
6HTFA
6HTRC
6HTRF
6HU9a
6HWOA
6HWOB
6HWOC
6HYFC
6I10A
6I13A
6I29A
6I2PE
6I2TA
6I2TB
6I3VA
6I3YA
6I3YH
6I5EA
6I65A
6I67A
6I7QV
6I7SA
6I7SB
6I9RF
6IBMB
6ICHA
6IF1A
6IGOB
6IGOC
6IIQA
6IIQB
6IJRA
6IJRC
6ILJE
6ILSA
6ILSB
6IM9B
6IMDA
6IMZA
6IN1A
6INKA
6IQ1B
6IQ1C
6IQ1D
6IQQA
6IQQB
6IQSA
6IQSB
6IQUA
6ISUA
6IXVE
6IZQA
6J2QU
6J3NA
6J3OA
6J6Hz
6J71A
6J74B
6J7XB
6J99K
6JBQF
6JFVD
6JJJA
6JJRA
6JM9X
6JMQB
6JMRB
6JUTA
6JUUA
6JXRe
6JXRf
6JY4E
6K01C
6K0BA
6K3EA
6K3KA
6K41B
6K5RA
6K5VB
6K5VF
6K5WA
6K7XA
6K7XC
6KBZD
6KC4A
6KC4C
6KCUA
6KGIB
6KHEA
6KJ6B
6KJZB
6KMZa
6KN7U
6KRVD
6KTRC
6KVGA
6KXWB
6KXWC
6KXXA
6KYTB
6KYTD
6KZEB
6L1YC
6L6IA
6L6IC
6L6NB
6L6NC
6L7CA
6L7FA
6L7GA
6L7GB
6L7GC
6L7GD
6L8EE
6L93A
6L93D
6L93E
6L9NA
6LDIG
6LDIH
6LFAB
6LFME
6LKBA
6LMKR
6LMRA
6LNIA
6LO8H
6LOXA
6LQHA
6LQMC
6LQMO
6LQXC
6LQZA
6LRZA
6LSDB
6LSSF
6LSSL
6LU6A
6LW8A
6LYWA
6LYWB
6LYXA
6LYYB
6LZZA
6LZZB
6M17B
6M2MK
6M3CB
6M62E
6M64C
6MACA
6MACC
6MBDA
6MBDB
6MBOA
6MBPB
6MC1A
6MC1B
6MC1C
6MC1D
6MC1E
6MEOA
6META
6MG1A
6MG2A
6MG2B
6MHCA
6MIQA
6MJ7A
6MK0B
6MKSA
6MPBB
6MS1A
6MSDN
6MSEL
6MSEN
6MSGN
6MSHL
6MSHN
6MSHO
6MSJN
6MSLB
6MUVC
6MUVI
6MUWC
6MUWE
6MUWI
6MUXQ
6MXXC
6MXYA
6MXZC
6MXZE
6MYFA
6MZLD
6MZLP
6MZMT
6N1GA
6N1IA
6N2UA
6N55C
6N55D
6N55E
6N60A
6N61F
6N6IA
6N6JA
6N6JB
6N7RL
6N89A
6N8JF
6N8JP
6N9DA
6NADA
6NAOB
6NB1B
6NB1I
6NB1J
6NB1K
6NB1M
6NBAA
6NBAC
6NE5C
6NF7A
6NGLB
6NH9C
6NIDA
6NIDB
6NIDC
6NJ9K
6NM4B
6NMIH
6NMYA
6NNQB
6NPWC
6NQAK
6NTZA
6NUCA
6NUHA
6NVFC
6NWTA
6NXKC
6NY6Y
6NYPA
6NYPB
6NYPC
6NYPD
6O10A
6O1FA
6O1FI
6O3TA
6O3XA
6O3YA
6O3YC
6O58I
6O58K
6O58M
6O5BJ
6O5VA
6O6CG
6O6FA
6O6IA
6O9HD
6O9L1
6O9L3
6O9L4
6O9L6
6O9LM
6O9LP
6O9LQ
6O9LS
6O9LT
6O9M1
6O9M3
6O9M4
6OBNA
6OC0A
6OC1A
6OGXG
6OIAA
6OITA
6OITB
6OM7H
6OM7J
6OM7V
6OMFA
6OMMR
6OMNF
6OMNG
6OQBA
6OQCA
6OQDA
6OQMA
6OQXA
6OTTA
6OULG
6OUOE
6OV3A
6OZJB
6OZMA
6OZOA
6OZSB
6P05A
6P0CA
6P1KG
6P38A
6P39A
6P3AB
6P3PA
6P3WD
6P4GJ
6P4GL
6P4GN
6P7SD
6P8AA
6P8AB
6P8AC
6P9EA
6P9FB
6P9HA
6P9HB
6PABD
6PACA
6PACC
6PBSA
6PBSC
6PI7A
6POJA
6PSRG
6PSSG
6PTSD
6PWZB
6PWZE
6PZRB
6Q2IA
6Q2SA
6Q2WA
6Q2WB
6Q39A
6Q42A
6Q42B
6Q6HH
6Q8ZA
6Q92A
6Q96B
6Q97D
6Q98D
6Q98F
6Q9PA
6Q9PB
6Q9QC
6Q9SA
6Q9SC
6Q9UA
6Q9WA
6Q9WB
6Q9YA
6Q9YB
6QCKA
6QDW3
6QEGA
6QEHA
6QELA
6QELB
6QELE
6QF5A
6QFVA
6QG2A
6QGQB
6QGQC
6QGSB
6QHJA
6QLBE
6QM3B
6QMKA
6QNOB
6QPQD
6QPWB
6QTYA
6QULb
6QULc
6QULC
6QULF
6QULL
6QULU
6QULW
6QVOB
6QVOD
6QVXS
6QYPA
6QZ8A
6QZBA
6QZIA
6QZJA
6R3DA
6R5GA
6R6HV
6R7FA
6R7FR
6R7FV
6RBES
6RCTA
6RCTB
6RH6A
6RI7B
6RMJA
6RMUC
6RMUD
6RNGA
6RNGB
6ROZA
6RPSA
6RQZA
6RUVB
6RV0A
6RW1A
6RXJA
6S05D
6S0MB
6S0XY
6S8VD
6S9ZA
6SAYA
6SBIA
6SBIC
6SJ6O
6SJFC
6SJFD
6SLZB
6SMRA
6SMRC
6SN9C
6STYB
6SUKA
6SVYA
6SZQA
6SZQB
6SZQC
6SZQD
6SZQE
6SZQF
6SZSF
6T1NA
6T1WC
6T1WD
6T3JE
6TC0A
6TDBB
6THGD
6THGH
6TJTA
6TJTB
6TQOG
6TQOU
6TSHA
6TTEA
6TU2A
6TUYA
6U1UA
6U3VC
6U62B
6U65C
6U67B
6U71A
6U72B
6U74C
6U7EA
6U8GD
6U8HA
6U8MB
6U9DA
6U9DB
6U9DE
6U9DJ
6U9DM
6U9SC
6UABA
6UCIB
6UCLA
6UCMB
6UCMC
6UG1X
6UINX
6UL7A
6ULGA
6ULGB
6ULGG
6ULQA
6ULTB
6ULTD
6ULTE
6ULVA
6ULVC
6ULVD
6UMDB
6UPYI
6UPZI
6UQOA
6UROC
6UUNE
6UUQA
6UXVD
6V05D
6V2DA
6V2DC
6V2DE
6V2DG
6V2DI
6V2DK
6V2HA
6V2HC
6V2HG
6V2HK
6V3NA
6V3NB
6V4PB
6V4XE
6V4XG
6V7CA
6V7CB
6V7CF
6V7DB
6V8WA
6V8WE
6V8WI
6VACB
6VCLB
6VCRA
6VGJE
6VHHB
6VIWB
6VIYA
6VJSA
6VJWA
6VK2A
6VLZK
6VLZO
6VRIA
6VRIC
6VSUA
6VSUB
6VSUE
6VVUB
6VVUD
6VWNU
6W30A
6W74A
6W7OC
6W7OD
6W9AA
6WA8A
6WA8B
6WGSA
6WGUA
6WGVA
6WH5A
6WHNA
6WHOA
6WHZA
6WI3A
6WM1C
6WOOF
6WS1A
6WS1B
6WTIB
6WU6C
6WWEK
6WWGK
6WWHK
6WWIK
6WWJK
6WWMK
6WWRK
6WWSK
6X1GB
6X26A
6X3YA
6X4MA
6X4NA
6X4WA
6X6AG
6X7CA
6X7DB
6XARB
6XASA
6XDRL
6XH8G
6XHSA
6XHSE
6XHTA
6XIYA
6XKBD
6XKGB
6XL8A
6XL8B
6XL9B
6XLPA
6XMJC
6XS9A
6XSAA
6XTYA
6XX7A
6XXRB
6XZQG
6Y0QA
6Y38A
6Y38B
6Y74A
6Y9NA
6Y9PA
6Y9PB
6Y9QB
6YAWA
6YAWB
6YBSa
6YBSm
6YBWP
6YE3C
6YE3F
6YE3I
6YEHA
6YEHB
6YEHC
6YEIA
6YEIB
6YEIC
6YEID
6YEIE
6YEIF
6YIHB
6YLGE
6YLGN
6YLYN
6YMVB
6YMWB
6YMYa
6YOVK
6YPHA
6YW6E
6Z3WF
6Z52A
6Z55B
6Z6VA
6Z6VB
6Z6YA
6Z86B
6Z86D
6Z86H
6Z86P
6Z9PG
6Z9UB
6Z9UD
6ZA5A
6ZA6B
6ZA6C
6ZA6D
6ZD0B
6ZDXB
6ZEYA
6ZF3A
6ZF8A
6ZFLV
6ZMTP
6ZOBA
6ZODC
6ZOJK
6ZP4T
6ZR2U
6ZRDA
6ZTBI
6ZTRI
6ZTRJ
6ZVQA
6ZXGZ
6ZYMV
7A08a
7A5Pk
7AAZA
7AD0A
7ADBV
7ADCV
7AENA
7AG1X
7AI7A
7AI7B
7AK6g
7AOEH
7ARMA
7AT1B
7AWEI
7AX1B
7AY6A
7B0Yc
7B68A
7B93L
7BBLA
7BNQD
7BODU
7BOGV
7BPYC
7BQ0A
7BQ0C
7BRMA
7BUJB
7C04A
7C0MK
7C2BA
7C3FA
7C3QA
7C4JH
7C5EA
7CD6A
7CDFA
7CEMA
7CF7A
7CFSA
7CFTA
7CFYA
7CFYB
7CFYC
7CFYD
7CGPD
7CGPE
7CGPK
7CGPL
7CHYI
7CHZI
7CIZG
7CIZK
7CJ0G
7CJ0H
7CJBA
7CJBE
7CKRB
7CMOB
7CO1A
7CUYB
7D3DA
7D3DB
7D85A
7DA5B
7DHIB
7DM1B
7DR6e
7DR6L
7DR6N
7DR7L
7DRWA
7DRWC
7DVQ5
7EAOA
7EB9A
7EGAc
7EGAH
7EGAk
7F79A
7F79D
7F79F
7JFYA
7JFYC
7JOAK
7JOFB
7JOFD
7JPPB
7JRAA
7JUFA
7JX7A
7JZ2C
7K2DA
7K2DB
7K3JK
7K3KA
7K4CA
7K4DA
7K4EA
7K4FA
7K6RA
7K6SA
7K72A
7K72B
7K98A
7K9MA
7KCOA
7KDWA
7KDWB
7KDZA
7KH8A
7KHHC
7KK6B
7KP4A
7KRBA
7L3LB
7L68A
7L68B
7L7FB
7LBAA
7LBAB
7LBAC
7LBAD
7LBAE
7LBAF
7LBAM
7LBAR
7LFOA
7LJ1b
7LJ1d
7LJ1k
7LL9F
7LOLA
7LS6D
7LS6G
7LSYF
7LYBM
7M10A
7MCFB
7MR0D
7MR1D
7ND0A
7ND0C
7NDIA
7NDID
7NLYA
7NQKA
7NRIA
7NRIC
7NRIE
7NVUW
7NVZ3
7NVZX
7NXJB
7NXJD
7NZ8A
7NZ9A
7O73C
7OGMD
7OGME
7OGMK
7RJ3B
7RJ3C
966CA
