5BNQA
4CKVX
1UXCA
3UWPA
6CW8A
2KDVA
6AY2B
4QPLA
1DRWA
4K24A
1MF8A
6OC0A
3OEIA
1EPFB
4GKYA
1G82A
3SHVA
1OESA
3ZXVA
1HV9B
3D4MA
6D6QE
4JNCA
7NDID
1C43A
3RDVD
5D6EA
4UUKC
6C7JD
1MHDA
5ILGB
4NR4B
5ADYK
1Z0MA
1OIAA
3HCCA
1N86C
3L7UA
3K3HA
5W1FD
2W49A
4V2SF
4RSUL
6VSUA
6CHTH
3UTLA
4BT9A
6HR2B
6V2DK
5SZLB
2EYQA
2VEXA
6YIHB
5ZA1A
5OXSB
4RC1C
2WPVA
1EK6B
5BQGA
5CR2B
2ATWC
4OJJC
6VRIC
3HHDD
1FAKL
7JOFB
4X4MA
6FPRA
2GAQA
4HBMA
4N8MB
2GWOA
1IG0B
4D69A
1RIID
2XNYB
4FC6B
1XXBB
3HQBB
1CL0A
3MAYC
4NXTB
3WKNB
3HQAA
3I3JE
3B3FA
4GZ9A
5XR2C
2A6RC
5W1FB
1POY1
1A6AA
5EJ4A
4XQNA
3S9YB
5FTTH
2RR6A
3N06B
1A09B
3LBCD
4BJ5C
5FMUD
2LLXA
1Z1MA
1QIAA
6JM9X
7CJBA
2ABLA
2IV9A
4ZR0A
3RX2A
1NP0D
5ZNLA
6ILSB
5XVKA
1RW8A
3SSDA
1K9JA
3HQ5B
3GLTA
4OWXB
3IMJB
1N7JA
3B2EH
1TLFA
4UUTA
2F0YA
5UK7K
2PTUB
3K9SA
6CHTM
2LXLA
2XNXC
4QPYB
3NH0A
5M33A
3QK5A
7AI7A
6L7GC
4KFWA
3ZZIA
6SZQA
3FISA
4ZFIA
1IBRB
3K6BA
1DO5D
6MUVI
5KUGA
2GYRA
6QZJA
3VLCE
3GBQA
4X9RA
5VVKA
7D3DB
3QN9A
3GZNA
6XL8A
2AN3B
3QJ8B
4NXUC
6P8AC
1CO0A
5O2CA
4XR1A
6I3VA
5MQFh
4UY1A
7AY6A
6DN7A
6W30A
1KDUA
2C7NA
5MRLB
5J3EA
6UCMC
1AJ0A
2HODK
1KGJB
5IAWA
4UU9C
5VPAA
3GIBA
1N54B
5OOML
4HCKA
4XK4C
6LQMO
6NIDB
4A63J
4U1AA
6HBYA
6QULb
7L7FB
2JKHL
1N5ZA
1DOMA
4EC4G
6Q42B
5ELSA
1MSHA
6THGD
2M2IA
4G1MB
2JYIA
5WBHC
6UABA
5LN2A
4FYYD
1SJ7B
6FI1B
6Z9UB
2WHIA
6GHVA
3RLFG
5LJ8B
6WWSK
3B9KA
1RB7A
5AKA1
7CJBE
6QG2A
4ZJRC
1FCZA
2SEMB
4OZGC
6H2GB
6P8AB
2LSIA
6A6JA
5C3IT
3SDIC
4Y97D
6AWFC
5MQGA
6DKJC
6Q96B
5UUMA
4LL8B
1T8UB
5OOBB
4I42B
2EV3A
6D84G
6OIAA
3B32A
3SJMA
6MSDN
4KM5A
2PQ9A
2UX0D
3DYSA
7M10A
6ENXA
6MC1D
5CIQB
6I10A
3DI1A
3B08B
2NVUA
6FLQF
3FSYD
4QR9A
1MBXA
3V33A
1E50Q
3L7UB
3ZVMB
4PZ3B
4D08D
5GGKB
5VPFC
5NRWA
5ISDB
6B25A
3PW8A
4EAYA
3LVKB
2R9XB
6G2Jg
6B9XB
2V66B
4XMBA
6XX7A
7JRAA
3JWDD
2K29A
4BWQC
4Y87B
2FNFX
6GB1A
1T4FM
2W4PA
1R6OB
3SP4B
5BQCB
1ZZJA
1TBNA
4PSWA
4Y7JA
4AH2A
4LVOA
1FZBC
1EDYB
6FOHB
6CHPA
3RZ2A
1I4LD
3AT3A
2NTEB
3ATPA
5B83C
6A78A
4MYSA
5L2WB
3G4LD
3QQ8B
5KTUA
4DYMA
7B0Yc
4HJ2A
5OOBJ
4EWIB
3OTCA
2JIXC
5LEYP
6QYPA
4DRHA
3UI7A
1S9VD
3HPXB
7CDFA
6JFVD
6CD4A
1G82B
5N9JZ
1N3GA
5ENGA
2V0EA
3MVXA
5WZMA
6FLGB
5ULAA
3SHVB
1RJ7I
6V8WA
3PVBB
2MTNA
2Y8FA
4U6CA
4U40B
6XASA
3VIRC
6HMAH
7CUYB
2N83A
6FKJC
2H9GS
2D11A
5EUBA
5JBNB
3RDVA
3B3JA
4YF5A
3FEAA
2JMRA
3OVUB
4HBMB
5T2QB
4WI2A
6GMHD
6CVOA
2G2DA
5NROB
6FX0A
2LFGA
3L46B
4MQJD
5GJQR
6OBNA
4DNTB
1FZGB
6LRZA
1E50C
3NW6A
5WTSB
4Z9HA
3PLFB
2YOFC
5DQTJ
2ZVND
1NN4D
2G8NA
3UUOA
5AQKB
6L6NB
1YSAC
2V74B
5Z38H
5TDCC
7CEMA
5E0MA
3ERDA
1F4JC
7JUFA
6F6UA
2JNPA
3SJBD
2GH0C
2Z15B
1IK7A
2F3WA
5FU6B
5UHIA
1D3BL
1LD8A
1OEEA
4JS4A
4IC7D
3SGJB
1H9GA
4CG4A
5ZJAA
1A86A
1GLFZ
3VD2A
2LZGA
1XRJA
4A53A
3GHGA
1JL4D
1KPHA
6BN6A
2Z33A
5WA5A
4Z9IB
4ESRA
6MG1A
3L8EB
1O9AA
2BH9A
3GGRA
2OI5A
2H42A
5NSSA
5H07A
3EZIB
6NYPB
7C0MK
6WHOA
6UCIB
2BJXA
6GPRA
5D5QA
4QVTE
6V4XE
4R3EA
4A63H
3JZQB
1REWD
1NCVA
6DE9A
5AXPA
4ZY3A
2HODB
2PR3B
1QHMA
6L6IA
1CDIA
2MPHA
3GHGB
2L1PA
1G50C
3NY1A
4ZFFD
1RY7A
1SKOA
6NE5C
4C79A
1G0IA
7ND0C
1A63A
5FLXF
3FKIC
4GBAB
5D0OA
3H64A
3H81A
5IQQD
1T9GB
2QJIA
5NZ1G
2F6LA
6CHTB
2DYHA
3VKNA
6EDBA
2Q85A
7BQ0C
2OFPB
6NUCA
4ZLRB
3D55A
6BB3A
5M32P
6I2TB
3V9SA
2KR0A
6MSHL
2HLOB
3QJ9B
1YK3E
5NMSB
6HWOB
6OTTA
3I3JA
3EMMA
1Q91A
1C5MF
2KN6A
3IRRD
2CM3A
3IKPC
5ES4A
1A2LA
5GJQQ
3N7YA
4CL7A
4KB0A
5VNBA
4ZX2A
2A00A
5VDWA
1ECZA
5H6QA
3ZIAF
3LCNA
1GMYB
3ERED
5TBYB
3RI4A
3Q4RA
2E2XA
2Y1LB
3P13B
1KQGC
4OM2C
6PSSG
3SL5A
3HC5A
6H59B
5PAKA
3VIRD
2OY2A
3JCMd
1KYYB
5AI6A
1DZYP
4JZ1A
2WGQB
3E9LA
2Z3RD
7MCFB
4K7OC
3JXGC
1EAJB
6C7RA
1GVJB
5M3TB
3SIVJ
3P1MC
2BHLA
7CIZG
3HQAB
4M3EA
1ARZC
1NC3A
4PXJB
6AXQD
6MXZE
1Q0AA
3UV4A
3N4MA
1GSDA
5TGJA
5KSUA
6RNGA
3SSWN
4JQ3A
5GNJI
2HDCA
2YIND
5NCPA
5EKIE
6PABD
4IFIA
2BM5B
1MWJA
1AZZD
3MDZA
5CITA
1B6CB
1Z17A
4Q7JE
5XKMA
1DEVA
5EU9F
6MSJN
5T36A
1X0NA
3I5RA
3KPDA
7F79F
2G1AA
6PWZE
6DGEA
4OD0A
6EF0D
4MZPC
1R5TD
5YWSA
6F8VA
6QF5A
5DN2A
5Z91A
1QRQA
4OJJA
4DX7C
1QPZA
3T49A
6C7EB
6BM2E
5YJIA
3L0JA
6FHQB
4GV8D
5IOKA
3SNLA
5AEXA
5SVMB
6CHTS
6QEHA
3S7GB
3TWSC
3ZIAD
2V83A
3IKPB
2WINI
5EX7A
3P12D
3ADWA
4MS6A
2LUOA
6XSAA
6UQOA
5KA1A
4D09B
4H0WA
1C45A
1H8AA
2LYVA
5JN8C
2P01A
4V2SB
6FDFA
1NFIE
2P4RA
3UOBA
1RMQB
6D5KB
4QIIA
6FVUR
5X9CA
1XIWE
5VPDD
6OQMA
4G9LB
4U68C
6SBIC
5SZOB
3LBCA
5MUEA
2VG2C
6O9LM
3CQZC
2YIZA
3UNEC
1QXXA
4AQDB
1DS5A
5LOWJ
1M7QA
1J70A
3R8KA
5AB8A
6YLGE
1E21A
1Q9MC
4OZIA
6N60A
6P4GJ
2VVQD
7ND0A
4B95I
4QIIB
4DX7A
3TIQB
3VUAA
3PO8A
3D55B
7NRIA
2JPSA
5WQDC
3QF2B
5LJ5M
4QVBA
3QTKA
2FR5B
1I5ZB
2M07A
4S15A
4DHJE
2WWFC
5S8CA
5Y8VB
3HPXA
1ZDXA
5F9SA
1OHDA
6YAWA
6OM7H
1OO9B
5NG5K
5ISCA
3W1ZA
3BIID
4UY8K
2LQNA
1KUNA
1LB5A
1XS9A
3W4YA
4ES4D
3QGPA
1TA9B
6H6QB
6P7SD
4ZN1B
1EWIA
6N1IA
6AH0M
5Y7WB
6QM3B
4C1IC
1T4EA
4DNWB
4C16A
7RJ3C
4IF6A
3TWDA
6VVUB
3FGND
1FYRA
3LRUA
6J74B
6C9YA
4PSXA
2J8SC
2JQYA
5VPAB
4LEZA
6DATA
3VYYB
3GGRC
1A2KE
2QWMA
2Z5SM
2MH9A
1AJYA
4IKPA
1M4UL
3H32F
3IUXC
2BZFA
3PDOA
4N6NB
5MPEU
1IRIA
4C1QA
1AHNA
2MMGA
6XHSA
5CHZA
1NCFA
2IYBC
1I9EA
5C5SD
2L0WA
1FHWB
7AG1X
4MDQA
4XR0A
4YEFD
6HPZA
6CUXA
3N3EA
6Q9WB
7O73C
6CSSA
6XDRL
2GWFE
1Q6QB
3U15A
6L93A
6U9DM
2EYZA
1AV1A
3JCPC
5IQQB
2ZU0A
5M4RB
1U2BA
5VPBC
5Z39A
3GGRB
6LMKR
2RSEB
5C3IH
6P8AA
3TKZA
1SG2A
3ZS4A
2ZIID
6FT7A
6NB1J
5S8QB
5UI1C
5YVEA
3GLFB
4BL5F
2RT5A
3C3WA
3JZRA
1YKEA
4CXAB
5VVLB
2NYTB
1DZ7A
1T9GA
7L68B
6V2HA
6F7FB
6CZYB
4PSQB
4EC4C
2EB0B
3DKUD
3DT2A
1LHOA
2GH0D
5KWJA
2JNBA
6Z86B
4K4BA
4E9FA
2AN4A
6JUTA
1VAFA
4CSKA
2JSAA
6CRKA
5XTZC
5O4EE
5B4LB
1YK3F
4J6MD
5WFEB
6DNHC
4GXGA
4E1RA
3RKOJ
7LL9F
3LGNB
4LDQA
1E4UA
1NYEA
1V57A
3O4RA
6E6JA
5T3NB
1FZGE
6QELE
2ZVSB
1ARZB
2E88A
5ONAA
5D2MB
6YEIA
5CR2C
4F25A
3CM7D
5IXKA
5D3NA
7NRIE
3IRRA
3AI8B
4Y7JD
1GCFA
6EOKB
5CD4H
6YPHA
3Q9YA
5GNJG
6POJA
1QSMD
6AVRB
5TGJC
4YL6A
5DQYA
3ZVYB
4MZPA
6MUWI
4OM2A
4DNTC
6H5AB
2XDJB
2JSOA
1Q6UA
4BSSC
2Q44A
4NR1A
5GZFA
2HHLB
5VVJE
4WWIC
2XNYC
3B4VD
4G3YC
3GJ3A
3VIRB
6N6JB
6H4CE
5VFEA
1DDVA
4D8JG
6EVLA
1D8LA
1ZVLA
3V9GC
5J7FA
2AOBB
6ED7A
4AQLA
6ZEYA
6QVOD
1K5GA
3GLIF
4IN4B
3QS7D
2WA8C
7NLYA
3EUHC
4WB3A
1OSCB
3BARA
2KMIA
1KYYE
6KC4C
1PL5S
4O4LD
3LQCB
4DRHD
4WPFA
5YOYJ
3B65A
1BPZA
4GUOK
2LI6A
6BRBA
5TWXD
4L4ZA
3B0IA
5EGLA
2UX2A
5FLXK
6CYTB
4BL5B
2C7MA
1R5TB
3SXUA
1GOSB
1R5TC
5Z58i
3BEPA
6DMKA
4C5AB
6ZA6C
3N59G
6J6Hz
1VF9A
4O5UA
6Q9SC
6E14C
6CHTN
5ME1U
2JG8B
6K5WA
3GFEA
6XXRB
5C2YB
1JQQD
6QMKA
2OXXA
2GOOE
1K6OA
3T97A
2LEPA
1U39A
6Q2SA
4JLGB
4JTAA
4UUSB
5UK7B
2CNKA
4Z9HB
7BODU
1NPEB
4IN4C
5K74A
5JJMA
2OKVB
4NNLB
3N8KM
4G9AA
1BJ8A
6MC1E
1YK3C
5Y6HA
7C3QA
2Q7ME
5OJIA
4GUOI
3N34A
6B33A
3BOAA
5PB5A
4MAKB
6Q98D
1FZBF
1E50E
2MTPA
3BU8B
3AY4A
2LY31
2XYGA
3HCUA
3HR4A
2WGQA
1OYJC
4DO3A
2ZHNA
3SSEB
4FMQA
2V76D
4OI4A
2NQPB
1QO6A
6UG1X
3WKSC
3B5NG
2XVAD
4PHKA
5MS0F
5I91A
1F5SA
1KG3A
4E3IB
5CU9A
5HZQB
4CN7E
2V74D
2VEWA
5LFJD
1PKQJ
4RQ7A
3Q0GC
5EFQB
6CF6A
1JOOA
3UELA
4BFLA
3CM7B
5TQGL
4CR3G
4F0AA
6V2HK
3H81B
1F5MB
1T43A
4IHGA
3WHUA
2FIBA
1T65A
4ZGZD
5L4UA
3RF3A
1XSJA
3SHUB
1NEZH
3RYRB
2RIIY
3LB6A
5J0WA
6K3KA
7NVZX
1L3GA
6PBSC
1FW2A
5ND9V
1IO4A
6MSLB
3J6LB
3QK5B
5XR2E
2MW2A
5AQFB
5YOUA
3UUXA
1S56A
6LU6A
4BLVA
4UBAA
3ZRFL
6AG8C
6VIYA
3OD4A
1XK5A
1VFCA
5KB5A
1YJQA
2YH5A
3COGD
6GYUE
5KM8B
1WAWA
4BWSF
3FUIA
2W8BB
1KJMA
1EAYD
6MXZC
4MAFD
3QT2E
2HQTJ
3IIKA
4TTCA
1YOVA
2QZHA
6HWOA
3QLWA
2HUWB
3G3QA
3SJCC
5J9WK
1ITMA
4YT7L
2N0WA
6NYPA
2C4EA
5FE6B
6UINX
4CDOA
4G0OB
4BEGB
2QQDB
6DDER
3GHGF
7LJ1d
2KC2A
6P4GN
1IHRA
3GLGA
6FOGE
2K8AA
6QTYA
6NNQB
6OQCA
1WLZC
3B2EE
2C2BC
6LQXC
6NGLB
1FZBA
5IXBA
1XFGA
5OOM1
7DM1B
1M61A
2VVQC
3N52A
4UOXA
3PRBB
3T7GA
3DWWA
6C7GB
3GJ0A
5ZAUA
3HK1A
1KA0A
2VBVA
6UMDB
6W9AA
6BR3B
5LHXA
2VH6B
4N90S
4QGKA
4NTFA
4WKFA
4ZR1A
1FHTA
3EZQB
3KURA
4AYKA
6DDDV
4BDTA
2Z3OA
6MUXQ
2VBTA
6NB1M
3J45E
5KM8A
2YINC
6QZBA
2Q8ZB
6META
5JTOA
5J9WG
1ECGB
3TWQA
3SXUB
7KDWA
5Y4FA
1GC6A
2KGLA
4YEFA
3V9BA
6H4CA
2GXBB
6UCMB
2ZKEA
3VD0A
4EC4B
4AG9A
1P8TA
4KT1E
6E5BK
1KGYA
5LC4B
7RJ3B
6J3NA
1N5ZB
6OZJB
4R8UB
4IEMA
5LN3C
5E3LB
1W09A
4ZVZD
6LFAB
5N9JU
4NL5A
6CCNB
6NBAC
6I2PE
6E5BF
4C5BA
5CI8A
2QV6A
3RPBA
3Q5XA
1GBNA
1G73C
2P22A
6QGQB
5FI0B
3QZTA
1IJIA
7EAOA
3B5HC
5QIMA
3B08E
6NVFC
2WPVE
1HCGB
7K2DB
5LVXA
6SVYA
4YCGB
3UUXC
2QKHA
3BZIA
3BDYV
2O53A
2GK1N
2MXYA
3O2BC
1G6Q3
6EXNr
2P6AA
6U72B
1NI6C
2AQXA
6AAWA
6S9ZA
2CNLA
2LRRA
6CBTA
2YC0A
7ADCV
1NUHA
1LJMB
5VTPA
6EJXD
4YQHA
5LEYB
3VIQC
1YLAA
1SRAA
5MPGA
2LAEA
2MP0A
2AVUA
6AY2A
4R8HB
4G0YA
2OYIB
3CHRA
3EDCA
1AM9C
6MC1B
4ZKAA
7KHHC
2ZHKA
5T16A
3RPUY
3SL3B
3L40B
5W7YA
2IXPB
4C4NA
5NQ6A
3PHCA
2HA8A
6WWMK
1H9FA
1TZ1A
2BSKE
3DI0B
4ZJLA
3R2PA
2RF0A
2QFWE
4P9ZA
3VNAA
2K1SA
2HFPA
2HEVR
1OAPA
6Y9PB
1M5NS
4RC1A
4RHBB
4GXGD
5OOGA
1IEPA
1FZBB
5NGVA
1XK8D
2JE0A
1GKEA
5J7EA
6HU9a
3QN0A
6V7DB
5U0Sh
6FF4z
2QJAA
6FW0A
5X16A
1I85B
3SGJA
6BBMD
4HBDA
6DBHA
4NNMA
4U7EB
4KIUA
6CHTG
1E59A
5JFFB
3E1JA
2LSBA
6I7SB
2HRAA
5NQCA
2GCUB
7K72A
5IMSB
6JXRe
4GDMC
3B0AD
2ZAVA
1G1SB
6MK0B
6N55E
6SZSF
4HAEA
4IG9E
5N0DA
4AJ3A
2RK8A
1YJXJ
4JK1F
4A4GA
3PB4X
5SUYA
6MACA
2N51A
6M3CB
4R18K
6E2FA
2PQRA
3E1ID
6L93E
3T3YA
3UV4B
1DRUA
1LITA
1QNDA
7CFYC
2UZQA
6ZF3A
6WWGK
2E6FA
5OVWA
1F0QA
4CG4B
1HFSA
2Y1LA
4A2IU
1OQNA
4L5JA
6ILSA
5A6RA
3NGAA
6N55C
2E3KD
7CF7A
4GKOI
4U68A
4KN2C
7CFSA
6FPKA
2BYMA
2KJCA
1GJPA
4PUHA
2JZHA
1EQQB
2E3KB
2XNXK
3GNIA
4JQ3B
1H89A
3CM2D
5OF4E
6EWZB
3S9YA
1IMCA
5VFOI
6CTDA
3BT2A
4RAEA
1G96A
3K4SA
2C0EA
6TTEA
2Z15C
4ZFIB
1WQ1G
3K6TA
3AWIA
5MDXA
3G4LB
5CORI
1F7XA
6HORA
2RKZC
4QUFA
1YK3G
4GHSA
5U28A
1O7VA
4J6NA
1QB3B
6CCKA
5TBKI
7DRWC
3GTKC
2DG1D
2V1SF
2BBUA
4DGIA
6Q9PA
4Y5OA
1WYXB
1OEMX
2L7EA
4UKDA
6Q9YB
6KTRC
2WWBB
3MZFA
4HQAA
6K7XA
3HOXI
5M6EA
1BU1A
3MUPA
5VNBB
6YLGN
6LW8A
1XKQB
6BTQA
2L4NA
3M9XA
1AWEA
3CHQA
6F3ZB
5SZWA
7JFYC
3GJ9B
4YGDA
5U7IB
5WGMB
2ZKFA
4V2SE
3OEDC
6ISUA
2YHDA
3RN6A
1SJ2A
2VB3X
1EXAA
1QRRA
1YJMC
1H7RA
4BL5C
6LZZB
6P9FB
4A0ZB
3U2OA
4ZJRB
6BW2B
3KHBA
4HDAA
3CXHG
3DWYB
7NDIA
2W9LG
2ZAVB
1GAWB
4IEYA
1DGCA
7NXJB
3OZDA
5NW7A
7K98A
4IZAB
6CSSB
5JABD
3D55C
5JTNE
2Z9AB
6CZZA
4GDMA
1QKUA
4GMHA
2DYNA
6N2UA
6Q9PB
6LYXA
6D0AA
3FMOA
1TJDA
4X4MD
6WA8A
5F5PA
2GRCA
5XGTB
6BBMF
4KMZA
2KLOA
3TPXE
4ERSA
2WTFB
3D9UA
3OAAG
6O3XA
5DZYB
6UL7A
5Y35C
1P9MA
6B5IA
2RIIX
2R99A
5K3NB
4ZVEA
1GTVA
3RAWB
3V9GA
4ZVZA
5L13E
4HG3C
1VRCA
5SVAX
5L2ZL
6QNOB
2B7CA
4C4WB
1WLRA
3D9SA
1EF7A
3AG0A
1BQHG
1XVIB
3ZDMA
5IY6V
1INIA
4N6OB
4QD2E
5ELSF
6QPQD
2BVEA
5N6OA
1OY3C
1YK3D
2FV4B
5IILA
2NPTD
3CXHH
1KYYA
1KO8A
1GETA
1KNTA
3GLGE
4Y7KA
6R3DA
4KI0G
1HE7A
4BD9A
3J7HA
3W87A
3TVJB
4OWFB
5MDXD
2V9HA
6NM4B
5D1XE
5NRGI
2H43C
3OFNM
5Y39C
5YWSB
3VU3C
5NQ6B
2FH0A
4IFNX
2XVTC
1RIIC
2X18E
2RIDA
5BPBB
5EGUC
1RAXA
5N5ZE
1BKAA
4WFCD
2O9AD
1PKVA
5D2ME
1V9ZA
3ZUNF
3GH8D
4NBIA
1PBWB
3EXGB
2AK5A
4PZ4B
6MIQA
2VZZA
2NBVA
1K2AA
3CQRB
2BSKC
1XQ9B
1FDHG
2L9WA
3TZ6A
3FHZB
7AAZA
4D0NB
1P8JH
6N55D
1AGQD
6ZD0B
1Z6TB
4M5NA
6DDAB
2WO5D
6ZXGZ
4O02B
5OBTE
4EOJB
6U8HA
5D8JA
3GHGI
1PKKA
4ML7A
4U7YA
4GDMB
4PC0A
5O6XA
4Y76B
4FT8B
3B2EF
1JZRD
6FTAB
6NIDC
3ZR1A
1BHFA
6L7GA
4MSNA
2WA9B
6HRLB
1G7CA
1SN8A
4P8TA
2MIBA
4IG9G
3K71G
6D3OB
1TNRR
2QYPB
6MXYA
3NOGC
4UY81
5U00D
2V1SA
6FOGG
4LRXA
6D0YA
3VA2A
4EPUA
3W4YC
4IHGB
5UK7A
1DEHA
5WRJC
5Y39G
3N86J
2XACX
6CHTQ
6KYTD
1TYEB
1GT7A
2HODD
3RCWE
3QS7A
2AOXA
5MZGB
4OCCA
1EAYC
2O2VB
1QYNB
3LAJE
4BFLC
6GJ0B
3CM2C
1RHWA
5WLEA
6V2DE
4U68B
1QD6D
3KXNA
4Z0MA
3DKUB
2GVPA
3Q0GF
2BTTA
1RV6V
5C5SA
3H63A
7B93L
3M03B
4F2BB
6Z86P
6CZFB
3L7HB
6MEOA
1K3ZA
5VVRH
2K07A
4CSTA
5M6MA
2K8VA
2HEYG
1GO3N
6DZ0A
6J71A
1FFWB
1M12A
3BUKA
4K4IA
7AD0A
1P9MC
6MC1A
2PZXA
6MBDB
2XNXL
3KFAA
5O9Zd
5IF4A
4OOGC
2J3WF
6GFXC
1MUYA
3FLGA
2FDKA
3ENZC
5GGKA
6MPBB
2B48A
5OPCA
4A0KA
4FTXA
3H32C
3WKNC
5NANB
6BC1A
3FOZB
1U6ZB
3KOIA
4QUSB
6RNGB
1BOYA
2J2SA
4IJRA
4A3NA
5VVKC
3MUPB
5SVLA
6EF3G
4C0BB
5UY8A
6Y9PA
3IKPA
5NFUA
6HTFA
1W63A
7CFYD
6U1UA
1RF1B
2XNXF
5M7VD
1ERGA
5VS2A
1YONA
1XPIB
6RBES
1I9RA
5Y39H
3PVVA
1IHRB
6NYPC
2Z77C
5M80D
5WFED
5EU9A
1NC3B
2V1RB
1B93C
7CGPL
5LOWI
1A3AB
6OM7V
6QULF
4AL1A
6QDW3
1GXPE
4OCCC
5CQUA
4ZDTB
3QS9A
6BSMA
3N8MA
4WYDA
5FLXL
5LL6X
6MZMT
4IMYF
3MAYE
6MUVC
6MKSA
2AXDS
6MHCA
3IUXA
2HLOC
7JOFD
6C45C
3LKUB
3H3BA
1ZZJB
1S67L
1URKA
6V2DC
6IMDA
3FVHA
5OG0A
1QG1E
6FYRA
4LRHD
6X6AG
6YEHB
2SEMA
6BM2C
5KWYD
1C5KA
4XOSA
2FD6A
3FH6B
3QHSD
2WO5A
6Z52A
4TW8A
7JOAK
4U4AC
3BKTC
7CJ0G
2Z4DA
6RXJA
2KMZA
4D61K
3PUVA
3KTPA
4LBDA
2QOPA
2VVQA
4NXVC
3RW6A
6ED7F
1CMAA
2WPDE
3V9XA
6BBMC
3MG7F
4BC0A
2V87B
2RSNA
5U4PA
1VBMA
2J0TB
1ROZA
5NTCB
4RP8A
1QVCB
3NE1A
4KP8B
2ZKDB
3SIPB
4WB2B
3AY4B
4Z2WA
1JYXA
4ZZJA
6Q92A
5JMYA
5N2LD
5FKJC
6FLGA
2KXXA
6M17B
3UV2A
5IJOH
3LSEA
4LOOA
4BC0B
5UVWA
3SIPC
6FF4Y
3DYQA
2FBMB
3GGJA
2XDJC
1PO3A
4KXQA
2OOXC
3GXPA
5LFJA
4LCTB
3ENZB
3KJQB
2ARYA
1NM7A
2HLOF
5EICA
2OFPA
6HT5D
4L5ID
3FALD
5UAHA
1OJDC
6RUVB
1YJXE
3K77A
5ZXLA
5JELA
3QKVB
1BO5O
5QRUA
6YAWB
2A8VA
4K30Y
5O9ZO
5X9BA
3MPYA
3P5CL
3NBAA
3PNWL
6YLYN
5K8VB
1G82C
4Y19A
2JWEA
7NZ9A
3IJEB
6ETYA
2YVCC
3SOXA
2GPOA
1RIIB
5YBVA
5M7VC
3IQSA
7AENA
4BQFB
3TL0A
3CTOD
1HYNQ
3QB4D
7A5Pk
3KJQA
966CA
1AD6A
5FOAE
5UK7F
7JZ2C
4Z0MB
2WDVC
3QXAA
3QHSC
3DVTE
7CFTA
2ARWA
5U4Jd
6QLBE
4NYXA
3J8GK
3KL6B
4F56A
4ZVZB
4LLJA
5DI1B
6EO0B
6EM3C
5K8WA
4J6KF
3NMZC
3CM7A
4GV8C
6DJPA
4CKDA
5G6UD
1G4YB
5Z9KA
3VOEB
5H6RA
3W5UA
4W4NA
5UFOA
6GD5A
6CYCA
6HN7B
4U43B
6B5YA
3K48A
3PILB
1PQNA
5LZXJ
6GCMB
5EKQD
3VEHB
6FOGA
6EPD5
6HAYF
6YEIE
1H82B
1GG1B
6PACA
7EGAc
5VZSA
4Y18D
1JL4A
3CKLB
6FTAC
5LJOA
3WKRD
2VREB
3ZNVA
3EB1A
6D3OA
6O9LS
3L3XA
5E4XA
4ZFGA
5U5SA
6RCTA
3G7YA
4MZTA
6O3YC
3ZRFI
3A5JA
2AG5C
4PVZA
6O5BJ
2I78A
2AOBA
3U41G
5XJQE
4QUFB
7D85A
4C5FA
4MAFC
1BK5A
5AKAT
6IM9B
6LDIH
2GTRC
4D61M
2QKLB
3ZDMB
4ZNXA
2MX6A
3PZKB
6V8WI
1T34A
6RMJA
3HPQA
4WOPA
2PIVA
3ALRA
6RI7B
1H2IA
6JXRf
4J5OA
7LBAC
4XK4A
3O9PA
1EDLA
5ABDI
3V3BA
6QPWB
3R5RA
1G73D
6O1FI
3DJ3B
3OF9A
3N52B
4WXQA
5U2FA
6F8WB
6XZQG
4Z7NC
6AVUB
4M4RD
1K0XA
1BZSA
3P7FA
2KVEA
1G8RA
1ID1B
6CFVA
6NXKC
5KNYB
3FCUA
6CHNA
2L5XA
3KJ0A
3SW2A
5L4KR
5QQDA
5K7UB
2EPIC
7BBLA
6N7RL
5FT4A
1LE5B
3V9ZA
5IXKB
3RCWA
2AVUB
6EXWA
1X9XA
2CUBA
6L6NC
2Z3RH
1R27B
6O9M4
4H8AB
7NRIC
4U1AB
5M2MB
5LM9A
2YJAB
6ARHA
5B83D
6Q9SA
3NCUA
4NB6B
6Y9QB
7AK6g
2V2TB
5M6LA
3OD2A
1T9GC
5VS4A
1GL3A
2O0XA
6F0EA
6AS5A
2HL4A
6HTRC
2XG7C
4RRFA
4PUGA
3W1ZC
4QBWA
1J86B
6N89A
4F02D
4MZMA
4AJDD
4RSUJ
4N6MA
5ND9T
7CO1A
3G4KD
1VHHA
5YVNA
5L8XB
2HQTN
1L1PA
5FG6A
5VVSA
3NI0B
2AEBB
3VOEA
6EVNA
5VVRI
4JO9B
3E37A
6NB1B
6MBDA
1X7ZB
4NAAA
6U9SC
6V8WE
1OIAB
5ZYNB
2WA9G
6M62E
4Z9AA
3DABC
3UO9D
1ASYA
4ZJLF
3M9DA
1QSPA
3H8DB
5J7EC
3V95A
6WS1A
6ERGA
1IRSA
1IV6A
4ZMTA
1FZEF
4AOHA
3PRBA
2PKFB
4U7UB
3AH8B
3G0BC
6TDBB
2PQAD
4OCND
2OYIE
3N3MA
2N0YA
1X8XA
6P3WD
7AX1B
3HR4C
3F5XB
2KH2A
1H9EA
6OMNG
6HKRA
2ZFHC
1MFIA
4BITA
2X18B
4L1LA
3DJ1A
2YLOA
4KIUD
2GPQA
6OZSB
5T9UD
6EY2A
6XLPA
5TUUA
6VLZK
3VBAC
1ZR5A
1S62A
5BNVF
2QQCE
4A0YA
4BJOB
4II4B
1TC2B
2WC2A
3SHTB
2HT1A
6XS9A
6AVQB
4C4MA
2P7AA
4KEHB
2Q6QB
5W5KA
6CO1A
1YMMA
5JNSA
6QZIA
6CVEA
5C3KA
1ABFA
3KPDB
3SL8A
6YEHA
5M4RA
3W4YB
7F79A
5HZQA
1NYSC
3KCFC
4RDDA
5LHTA
3GURB
1G6Q2
6XKGB
2LUQA
2GRXC
3IKOE
2NWGB
3O4OA
4YGCA
5K9WA
4CXRB
4AONB
2FHOB
2WDVD
1OVNB
1A1CB
1ONSA
2N0TA
3DI0A
2OOXA
6FBQA
5V1YA
3BPWB
1OIZB
4WQOA
3ZZHB
3FAVB
2K7WA
3KUSA
1HYNR
4ZMTB
4QH8E
1E4KC
5MUGA
5MRFH
4N90T
1RJ7K
2OUZA
5EUCB
1KWYA
5W4SA
5CLQD
4C4WA
3FKSF
3IWPA
1SZBB
5OD2A
5EFQD
5L7WA
5EYZA
6ZTRJ
6JUUA
3G58A
5J9TK
6IN1A
1YK3H
5X6GA
6S8VD
4FQFA
5NTCC
2F6LB
5M2IA
4KI7S
6CSQA
3MIDA
4JL4B
3C0XA
5F5RA
4L5IA
3L1VA
1P6OB
6SMRA
3B23B
1U9LB
2DG1B
2C49B
5KQ4B
1HIKA
6EZEA
1Q20A
5F0PC
7AT1B
3LBCB
2Q5EE
2ARCB
2WFYD
3PVRB
4G9AB
3IFKA
4BKPD
1M27C
2GTPB
1IJZA
2WWGA
4MSQA
6KC4A
1LQBC
3L89M
5Y2UC
6Q2IA
4G9LA
1IJEA
5V1ZB
1EBPA
3II0A
1GWBA
6ZRDA
4YEEB
7B68A
1MBXC
1WCLA
4F26A
1OSFA
4LEFC
1FWYA
5JJZA
3ZE0B
6GIQa
1C8PA
3LCPA
2F66F
7KDZA
6ZMTP
2EYQB
3UW9D
5J9WC
6IJRA
2PKKA
6EDHA
6WGUA
3GQIB
4ZGZB
2XGQA
4YM1C
4WB3B
3OZ1C
6X1GB
3TH3L
5K7WA
5GJHC
3UYOA
2ERSA
1I7NA
5K7UA
3DBZB
6I2TA
4MS0B
4ZKAD
6OUOE
5A0MA
5CI9A
1JEDA
6T1NA
6MSEN
4ZOMD
4B7WA
3ONLC
1H88B
3QS1A
4Q7DA
5FKJA
3U2UA
2QJGA
1UMTA
4JEUB
7CFYB
1BTJA
5ZJ6A
6SZQE
5VP0A
4RC1B
1WRTR
5U2RA
2H3LB
4D08B
1TLTB
1B8YA
5C3FA
1AY9A
6MACC
6ZA5A
2EKYD
5OD6A
1FNTD
4A63D
1S03H
6PBSA
6ASOC
6V2DI
1IBRD
6N6JA
2Z77A
6AH05
2HHLA
5FNSA
3GHGL
2H1EA
6WS1B
4ZGYB
4WJXA
2FMME
6Z86H
1F7WA
3NBKA
6YE3F
4NTBA
1MT6A
1JZRC
3FDOA
4KB1B
3LBCC
2GO0A
6U71A
3TT4A
2JQIA
4MSCA
3DHXA
4D61L
4N3UA
2ZIHA
6WA8B
2R8JA
1YJXH
1FQVA
1ZABC
6HGXA
2XNXI
2BH2A
7BUJB
4TXQA
5S78B
4R4HB
4ML2A
2QVFB
7ARMA
5JK7D
3V9XB
5T2FA
3R3MC
2QD0B
4Y87A
4JS2A
2YIXA
6P3AB
6XIYA
3HIKA
3CQZI
2H6UA
2PS1A
3GUTB
4CL0A
2RIAA
3P1MA
7K2DA
1HJ7A
4QIIJ
3D9BA
1F2HA
1FZEB
1D3BH
7KRBA
2G72B
2RAXB
4D08A
6G22A
3D7SB
5JJMD
1G6YB
1AM9D
4MZPB
6U62B
4WFAS
2HSNB
5GZGA
2VOPA
2Q7MA
4LAXA
6Q42A
3KJ1A
5K23A
3PNWC
6QULL
5D0OC
4ZRYB
1TTGA
1FZEC
6VACB
6OITA
2JG8A
6CHTE
6T1WD
5LC4C
3QS7B
5OD6B
6QGSB
5KNXB
3OZ1B
4AOKB
2RIEB
2OYHE
2NYAA
4P1ZC
5SXPA
4OGBB
6RPSA
2O05A
5UK7H
3V9XC
4XOSB
1A3AC
1A0BA
4GV8F
2K9GA
2ZU0B
2XNXG
5VVLF
1AYCA
4NEFD
1UOTP
2AO2A
1LCDA
5C0WG
4Y7JC
1W1HB
5E2RA
1RUNB
5XJUE
5UZ4K
3MFVA
2V89B
3KMPB
1U07B
3TWTA
6KVGA
6CZFD
4E5ZA
3ZZHA
6FYLA
4N6MB
5U0SV
5Z58b
1UW4C
6QZ8A
6IJRC
5OOBD
1Q1BA
5L13A
2G6FX
1PKKB
4BJOA
5FI0D
4NPEA
5O6ZA
3ST6A
7JFYA
4XQQD
2CMKA
1OIZA
6E08L
3ND2A
7AOEH
5AQPD
4WLBA
5GGLB
2NQPD
6AZEA
4P69C
6V2DA
3DF9B
1BFSA
6EY2E
1D1PA
1QB3C
5H4DA
2BM4B
6H2KA
3RESA
5IQQA
5Y39B
5EU9C
4EWLA
1KPHB
2WA9A
5MRFZ
6GYOA
6OQBA
1OS7B
5EHDh
4KP8D
6FVXR
4TX5B
3QU3B
5CIQA
4AL0A
6IQQB
3VU3E
5TQSC
6L7GB
2E3KA
6LSDB
5FZ5C
6N8JP
6FYPA
5HGJA
5JEJB
5ISCB
5MYNA
5FMUC
4NIEA
2ZIIA
3Q0RA
2ARAA
4YKWA
2XNYA
1RRPA
5SVGB
1QYNC
1SHCA
2OQBB
3V36A
5W1FF
4JYKA
4B7WB
5LPKB
5FI7A
6SZQC
5EA1B
4MYSC
5NC5B
4X9WA
4J6KG
5FNUA
2X18A
3MT6R
5FE6A
4GS7D
2RUKB
3F81A
5B83F
4BGMA
2HL5A
6O9L6
5I1BA
7D3DA
3SU8A
4DM4B
4HZFB
4XO7A
4D61g
2Z9AA
5NIMA
5LD2D
4Z7NA
4Q6IC
4Z99A
4G5QD
6YEIB
2KY6A
6BD9B
3NTYA
5C0KA
6GCFB
5C77A
1SJ7C
1C4RB
4IKPB
3NIMD
2QM9A
6CBTB
4YM3A
5YMYC
3FMPA
3T3MB
6NPWC
3RPUG
1H0OA
1Z8LA
2RD5B
2WH5A
4WV1F
4Z0LA
5KQMA
1ISAA
7C04A
1GD5A
2CNEA
5C8WB
4BWQA
3ORHB
1MDMB
5HKPA
1KYYC
5O66A
3P11A
6GY2A
1SL5A
1ZBJA
2ZXUA
4B8WA
4RLIA
6CCGA
6U9DJ
6ROZA
2XACB
2H11A
2Z77D
6F7FD
4FMOA
4R8DA
4ZGKB
3X0FA
3HJHA
5DDYA
7AI7B
6QVXS
6CVHA
6HKPA
2EZYA
5ANTC
2KZ1B
2IYBB
6IZQA
3DT4A
4B86B
6O58M
4ZRAA
1Y57A
6D2LE
6QFVA
2OZWA
6YBWP
4USLA
2FF4B
1KO0A
3B07B
2DH3A
6EQSB
2IV8A
3PNWX
1YNHB
6Q98F
3A7AA
2EO9A
1FDTA
6U8MB
1FPUA
1EYVB
2ZHKB
1K9YA
6FTAD
6SN9C
4WMRA
5WQLB
2MOKA
1F4JA
2R1DH
4G83A
1GYUA
4G3XB
1H82A
6ULVD
6EXWC
4NPNA
1YJXC
4MSJC
3E1OA
4Y7JB
3Q6BA
3B08K
1D2ZC
3MLPE
3SHTC
3OZ1A
3NIMF
3KTRA
7CIZK
1KRUA
5UMMA
1OSCD
5AQJB
4MSNB
2YY2B
6KXXA
5K6EB
2N88A
3K5RA
5VSUE
4Z9IA
6GJ0A
7NVUW
3IWRB
2XVTD
3I2BG
6D13B
3E6PL
1XP1A
3K75E
1YN5B
4Z7BA
3L0LB
2QJBA
2RD5D
3VA1A
1RLAA
2VBSA
6EQSA
2CM2A
1IH5A
1Z28A
6NTZA
6C4IU
2NDOA
2A6VB
3KVOB
3ZS8D
6MG2B
3JZOA
1A0OF
4JM2F
4UEAE
5ANSA
2YXGA
4KB0B
4ROVA
4PUFC
5FE8A
1KQGB
1D2ZD
1FT1B
2AHSA
3GHGJ
6SLZB
1XFGB
3MV2B
1BU1C
1JANA
1GU5A
5LKRA
1H88A
3IQLA
4RHBA
1XWAB
4XGAB
2K9AA
3ORHD
3CM2J
5Z58d
2VODB
3KJFA
4KZZM
3MLJA
5WQDE
4PE8A
5ZJ6B
7C5EA
2H5KA
4MTHA
6CL0B
3NZIA
5ZF8A
6U8GD
3RW6B
3UW9C
1B9KA
3OEIK
2HQSB
2GWHB
4N1UA
4WB3C
1ESZA
6HBYD
1N7TA
4W93A
1SG2C
5OLMB
6FOGF
2M13A
3BBFA
2AYYA
4XVGA
7CJ0H
6NAOB
1T9GR
5TICA
4CR3D
4HZFA
5OAIA
6OQXA
3TSVA
1T1LA
3KT6A
6MBOA
1A4LA
4ZI9A
5O43A
4MU7B
4ZJRD
2HODF
3PUVG
5N9TB
3SOWA
2K3XA
6XL9B
1RY4A
4IHHE
4NEFB
6LQMC
5C0XG
3UIOB
4A69C
6QULC
2BM7B
3KO7A
3B27A
4Y1AA
4PJOL
7LBAB
6D8XA
1ZJ9A
4UU9D
6ATOB
6Y74A
4N8MD
6NH9C
3EW0B
6O58I
6GBUG
5VHSc
2MP2B
3FHZD
5LHDB
3IOLA
4QIID
4PJOG
1LT9F
4WFDH
2AWOB
1UNPA
5N91A
3UO9A
4V2SC
6D1RA
1PMLC
5XTBF
5YURF
5OBNA
4EC4F
3EW3B
2FEZA
5VPBD
6BM6A
1ZUD4
3U4UA
1QFPA
4QDLF
3MA2D
6BYUA
1M44B
4P3BA
4WF9J
4ADQF
5NRRB
3SEKB
3E3KB
6W74A
5U3ZA
6HA6A
1EGJA
5WG8A
4LOPA
1NN4B
4QYZE
3IVVA
1Q6TA
1FAPB
1JU5A
6P9HA
1J6TA
2ZIIC
6XTYA
3KPCA
4O1VA
6KGIB
5KIJA
6WGVA
5JCZD
3TMKD
2Z7AB
2OYHD
3WRPA
1SEMB
6SJFD
6WI3A
3PFLA
4ZNEE
5TICB
5IIOE
1COKA
2KGWA
2CH6A
3RF3B
4GN8A
3PNLA
6O5VA
2HQTF
3AG2E
2XG7A
5BT5A
2LXBA
1A4VA
4GUOB
1DFVA
5D7EA
3KT8B
4JZLA
5NL1A
6Z6VB
3N9YC
2HF7A
2XAJA
2GV6A
5LOBB
6FF4s
5CR2A
5N9PA
5T19A
3GH8B
4AB7A
4FQNC
2D1XB
4KEHA
5A2QK
1IO4B
3ZIAE
1RV6W
5AKAC
5GZDA
1CQZB
3OJMA
5AQSD
1KHUB
2Z4JA
2XVTA
1WPBM
3NITA
6OZOA
4IN4A
1IVTA
1FLKA
3A4UA
3IKOB
6I7QV
2I83A
3SHBA
2MPMA
3VBEB
6MZLP
6PSRG
6Q9WA
4X4MC
3I92B
3TWSA
5T8RA
2N9EB
6GHMC
5F9SB
3MFKA
4ZKAF
2NWGA
5WQ4F
4Z68A
2W4FA
1ZZVA
4A63F
6IMZA
5NIFG
3C59A
4F42A
1CO1A
6CKXB
1XTNA
2FR5C
4L0YA
5DQTC
4YYPA
3S9KA
4IHGC
3TSOC
3MIFA
5U3SA
3EQSA
6N8JF
6FTAA
4JEHB
1BQOB
6ULTD
4OV5A
3E3KA
4QVTH
3ET1B
2DH3B
6RH6A
2QR0D
3IKQC
5XR2B
4ES4B
4FOEA
6WHZA
3VD0D
2AW2X
6HTRF
2D1OA
3G76A
6KMZa
3OTQA
3UA6B
6HAXB
5U4XB
5C6HU
5ETKA
3O2OA
2VREC
6VLZO
5XR2F
6S0XY
4MMMA
5H84A
5LFJB
2HUZA
1GXPB
3J5SD
6W7OC
1OXZA
1ZDVA
5NUFB
2UX0F
2CAZF
5TBYA
3LKUD
5FKJB
4DFCC
1I8LA
6BM2I
4YQMA
5AYWE
3N4MC
1YZSA
4WSQB
5TBKK
5IZ0A
4G24A
4Z7NB
6DRVA
5AQOD
4L7QC
6STYB
2B44A
1LT9C
3LMNA
6ZOBA
2HODE
2C59B
5MSAC
4KN2A
1QD6C
6IIQB
4ZR0B
2K8PA
1FZGD
2O28B
3PMTA
3CQRA
6F64A
5FDZB
3OEEW
6HR2A
5YK3m
6P38A
4I42A
2VG2D
5TZCC
3G1MA
3X3FA
1G6Q5
2H5KB
5M32S
4MP8A
1PYIB
5W55A
4YDZA
2KSBA
1MBXD
5HMSA
6HMAT
2OZ9R
6WWHK
2LSKA
4AECA
3NB3D
3FSYB
3O1FB
5KVUB
1BA5A
5X8Rl
3N1PB
6K3EA
6NMYA
4HEUA
4C0DB
6P4GL
3VU3F
5KEFA
2O06A
1H2UY
1YJXI
1DCEB
6CCQA
7KH8A
1CB6A
4IC7E
1BY4D
5AEXD
1YJXB
1KQ1H
3A8YA
4K8VC
6Y0QA
1OQYA
5T2WA
6OMFA
4J6QA
3LNJA
3NH7A
4E4QA
4FQFB
6BR3A
5G0JA
6BQXB
2MM9A
6HBNA
4UEBC
4E5YD
1SD5A
5VDUA
6Z9PG
3EJJB
6VVUD
5UKDA
4BCRA
2WU6A
6VGJE
2BM7C
6DNDB
1WWHD
5IC4G
2BM6A
5ELUB
3KR0A
3MA0B
6BDYA
2ASBA
3EZID
3N84E
2C2BA
6QCKA
1W68A
2BI4A
4OW1U
4GPTA
4BK4B
2LC7A
4XZ0A
5VVRE
3UVDA
2WOUA
6VJSA
5ULAB
6OV3A
6HR2E
6KJ6B
1HJDA
1WWHB
2IL4A
6J2QU
1RKEA
2VN1B
1ICUB
4HDAB
6I9RF
6H2GA
2D2QA
3PTHA
5VNAD
5XKMD
5OOMO
1T4NA
3GXPB
3MAYH
3LOGD
3VHXH
4H6HA
6B0TA
1Z2KA
1TIJA
3PJAB
6QGQC
3NR9B
1TL9A
1DUBA
5LP8A
1DY1A
3H64D
2VY2A
3WIYA
5MWVA
3LW5E
5SYND
1Q08B
2JPDA
1OQNB
5ZCJA
6ENPA
1GUXB
6PWZB
4YR8H
7LJ1b
1AM4A
1ECGA
3PVNA
4DGLB
1G50A
6MSGN
6O3TA
4CWDA
2PUYB
4GNBA
6DNDA
5EUCA
1CSBB
3N8NX
4X5WA
3GQZB
3RYPA
7CFYA
3GJSC
5Z3GG
4AYXA
4YCGA
3FBNB
1UTCB
4P3WE
4CT7A
6SZQB
1RF0B
4PBYB
3NBKC
3DP8C
2MDJA
1REWC
3WN7A
6LSSF
4GGFC
6C7GD
5VWCA
2Z3RB
3SZQA
4GKOL
1E4JA
1M38A
4BL5D
2PEYA
3QX1A
4IC7B
4Q6FA
6MXXC
2Z77B
3NOCC
1XK8A
3KR0B
2XNXB
5NL1C
3VD0K
3IB8A
5LNSD
4DHJL
1GQTC
5UI1B
2KIDA
5CXYA
3SJBC
5IDZA
2V7EA
1NP6B
1FF5A
1QFWB
6D5XB
6OITB
3FCUE
5MRFC
7LYBM
7L68A
6FFEA
6GCMA
5YK3C
6BBMB
5DZYD
4AYVB
2JA3B
2KHSA
1KP9A
1BMOA
7MR1D
5C6HK
1D9KC
3I3JD
2LRVA
1U3CA
6FW0B
5M5RA
1R1SA
5J3YB
3N84F
4PJOB
1RKSA
3PW1B
6SJFC
3DRXC
1HZEA
2G2NC
2MLZB
7K4EA
4FXEB
4WYFB
4WFAG
1BOTO
5M5EC
6TJTA
1PS6A
6WH5A
2OPZA
4R2GL
6THGH
5MZEA
5AQIB
3PNWO
3O48A
3OWTA
2LGLA
1J5KA
5CD4J
6IGOB
6WGSA
5CLQB
5EN4A
3FGTA
4JGHB
5MS0A
2P9UE
3LTFD
4NNMB
6VWNU
1UOZA
3EU9A
6MYFA
7KK6B
2MP2A
1S9KD
2XYCA
6J99K
2X5WA
1RX0C
3MX0B
3EW0A
5IC4A
2D1PE
2I85A
5KA0A
3TWWA
3A7OE
6JMRB
5M78A
2PKMA
4FVTA
7EB9A
1GU5B
1A8FA
2ANGA
3FGNB
1HJBA
5VVRC
6X4WA
2VHWB
6X4NA
6V2HC
1KDOA
3X0EA
6EHPA
5WH6B
7EGAH
3E37B
4XPUB
2JG8F
1GN0A
2KBWA
1D1PB
6XHTA
3NIFD
1R21A
4GJQB
3N3MB
3REEA
2H27A
6ULVC
2WHBB
5A2QD
4EC4K
2WQAE
4LL7E
3J8BC
5OW8A
4QJ0B
6IIQA
7BRMA
1F3AA
5WRIA
2W9LT
3GWXA
5VPFD
3MA2A
5AN4A
2GJ9B
5M4IA
1RJ7L
4MQQA
2I9AB
5DIQF
2W9RA
3W03A
1NVPA
5NL1B
4L41A
6DD7A
6DKJD
5VPFA
4DORB
1NWSA
2GV2A
3MQBF
3MPWC
5ZZWB
2WBWB
1GETB
4N1MA
5IQQE
2AKAB
6YEHC
2USNA
4IHHF
2RIDC
3RDVB
2W1BA
3HUSA
5YK3l
3TSRB
2HV8D
5CXDB
2PKNA
5BZTA
1I0UA
6ZDXB
4L3LA
3FKSW
4RQ1A
5MU8H
2HAKE
6U65C
2WY2D
1BDIA
2RAWB
6HYFC
4OM2B
1FNTG
2O4HA
1E96B
2B13A
2IB0B
3S5NA
3NIIA
3OEEO
4YDYJ
3OBVA
7BPYC
2IGPA
3GLFC
5QU6I
2O9AB
6QULc
6ENGB
1IO4C
1GCUA
1LCJA
6FOGC
6ZFLV
1RJ7H
4AELA
5OCJA
1VHMB
4QUCA
3DOMB
6RCTB
2HEYF
5YJ5A
3L8EA
6V2DG
4QXFE
4W4NB
2A24A
6CZFA
1OX9A
1LQCA
7OGMK
3PWQK
1SNOA
3FZFB
6OGXG
6AKOC
1E2XA
3CLXA
3QZVA
6B30B
1S9KE
2EWNA
4C4YA
4IEMD
1XWDF
2XBFA
1W4RA
5O9Zk
3F47A
2MGZB
4Y7KD
3H4Pa
2WCDA
3W6RA
5AKAJ
4D8JB
1A6JB
6EO0A
5J6DA
6MZLD
1CW0A
3BEBA
2B0PA
3FS1A
2Y1LC
1HFCA
1EQQD
2W9EA
5LOWB
3IAKA
6OZMA
5LVRB
6LQHA
1K6WA
2HODJ
1TVOA
1EC8A
2JNWA
2O6GE
6NB1K
3HMTA
2NLWA
3ZZFD
4ZMGA
2JN7A
6INKA
3TCHA
2I9AC
3N84A
6L9NA
1RE3F
6YEIF
6Z86D
1F5SB
6U9DB
5EKQE
5U7KC
6H4CG
7CGPE
3QBYA
1ITYA
4QDSB
6AVOO
6MS1A
1DPPA
6I3YH
1JQLB
2OX9A
6CS2D
5MRLA
4GWPA
5MQFa
5UMVA
6V7CA
1DY0A
2PTUA
3INBC
4BFZA
5APKB
2VNPA
3OW7A
5LUF2
6TC0A
6O9M3
3KOVA
6P39A
3P13A
4B8ZA
6O6FA
5X6ME
1J88A
1D3BF
3B3LA
3JV5C
4D61I
1HWTD
3CXHE
5F1AB
6CO4A
6VHHB
6RV0A
6E1FA
5ZLVF
2HPHA
4FMNA
7NZ8A
4CFHB
7LBAM
6FGWA
6SUKA
4ZFIC
4C4ZA
4AB7H
4HMYA
1K9JB
1MI7R
3G3UA
3L0LA
4QTEA
4OR5B
5GSTA
6NADA
2L26A
6F8RA
4WVEB
6FVUD
3PVVB
6BY0A
1JYTA
2PCUA
4A4HA
1SEBA
1ZZJC
6K5RA
1YFNB
4BL5A
5CXDC
5NUFA
1NU9A
6AYYB
3SMEA
6B7EA
4ZJLB
2PI2G
4HW4A
5L2OC
4OCZA
1FXSA
4LGEA
4UI1B
3QU3C
3WNWF
5L4KV
5ZA1B
4V2SD
3MT6O
3OLJA
5HGJB
6NUHA
4NAUB
4WFAJ
2HXBA
5VSUC
4TXPA
2R93C
4LGEB
1Z56B
5NAJA
2PHBB
5E27B
4EOJD
4UOXB
3WDCA
5C1VA
2G70A
6Q9UA
6EBLA
5GMJB
4U3YA
6FYKA
6AX5A
1G6Q4
6KRVD
1XDOA
3MAYA
4UOYA
6AN6A
3BKUC
7CKRB
6LQZA
1BP5C
6LMRA
4F7UE
6I7SA
6TJTB
4DHJI
6P05A
5C7CA
6ZTBI
3K8CA
3KUTB
3N84B
4E4ZA
2CIAA
5K24B
1ZEQX
5D65A
5L4KQ
4ZIJA
6BA6A
2R1ZB
3I8ZA
4J6PD
5UEHA
4QVTD
6MC1C
3KURD
1YZ3A
3BPNA
5GGOB
1JH1A
1Q09A
4PC3C
2M16A
5EXRD
3FGNC
6MSHN
2EVNA
1EFXD
2HGFA
6YW6E
6F7GC
2GGTA
3BBBC
1Y8MA
3LGIB
1QM9A
3N52D
3ZHWB
4ZVHA
1QDUB
3KXMA
5WH6A
5T2RA
2H6TA
1TLBA
2KG2A
6BW8A
5VPEC
5M7WD
3UNBN
4WFCF
6Z6YA
6SMRC
6I67A
1WWWX
6O9M1
2J0TA
6EHRB
4HY0A
4QVTC
6GHVC
5A4UA
4K26A
6DCLA
5YOYA
1FYNA
1EQRA
4MIKA
1UFQA
5CSUA
6YMWB
3FHZC
6HRMC
5X8SA
5MKXB
5WGMA
4JHTA
6ATPB
6ABOA
2E0TA
3NH4A
5EUCC
3UJRB
6CO1B
1GU6A
5UGVB
2ZPUA
7CMOB
6F1HA
7C2BA
5Z38J
4JAAA
2WOTA
6I3YA
6KYTB
1U5WC
5IW5B
3TWYA
6EXNM
6PTSD
2RNFA
4AJGA
1PV2H
6YMYa
3QT2C
5ZUJA
1P4RB
5CO7E
6V7CF
1H7OA
4YEFC
6CVEB
7K6RA
3QT2D
2FDJA
3J8GF
3UKRE
2B1LA
4XQJA
1BG8A
1OGHB
3GLSB
5NTCA
1RPLA
6DRDJ
3SP9A
6AGOC
3FFKD
3G6DA
4LOQD
3SHUA
3I92C
1U7VC
5IQQC
7NVZ3
1O9KB
3GHGC
2QZDA
4YM1A
4G4SG
4KI7X
4P6IA
6FN8A
2XNXD
3PKNA
3Q4NB
6C6SD
6L7GD
1OTJB
6FGJA
6F3AL
1CEEB
5VVRA
2ATWA
1RJ7E
2RMJA
3DP8A
5IZ0G
2RCWA
1GYAA
1DM9B
3DK9A
2HSEB
4NR4A
6QEGA
2HK5A
5DFIA
3MQIC
2EPIA
4DHIB
3SIPA
4LM1B
7ADBV
2B3JC
5HS6A
3EQTA
4OW1A
5BXUA
7K3JK
4E1RB
4X2KA
4MY6B
6ZYMV
4J6LD
3WJJC
3PFUA
2P6BA
5C4VF
1GP5A
6IQSB
4HY5A
6ZODC
4YEED
4KZZg
2C2ZA
1W1DA
1EDHA
3PWQI
4YXCB
5F3XC
2ZIIB
1BHXF
5H2ZA
3DJGX
6MBPB
2HSMA
6VCRA
5AQID
6HL0A
2PJYA
1FLTW
1VSCA
3MT6A
2RQMA
1B79B
5Z02A
2GWFC
4E9DA
4HY5B
6GY5A
5VPCC
5FDZA
4UEAA
6QVOB
2W9LB
3HCUC
3GNRA
3B5NK
7LBAE
4C4NB
3O5DA
6EPD2
4A69D
4QJ0A
3AX2E
4GYPA
5Z38F
6L7CA
3WJJB
1KKQA
4S0NB
5OSHA
4GXGE
2GOOF
6O6CG
3TJ2A
4NAUA
4MMXC
4Z49B
2M32A
3HX9B
6QELA
1BDCA
3G4KA
3LAJD
4O64C
2ESWB
5ZYOA
2Z3KA
5MPZA
2MB7A
4A94A
7C4JH
6U9DE
3A7OB
4J2LB
3HCNA
1FZGC
4MRDA
6QULU
5Y2FA
7DHIB
7K3KA
3WU0A
1F9PA
3H2XA
6HAYB
2GMWB
3HB5X
4PGMB
6EPDD
5MG3E
4Y0GA
6WWJK
1MPQA
3LNZA
5YXKA
6H42A
4UX6B
1HK9D
5FM5M
2PHAA
1G1EB
4JLGA
6Q6HH
6P0CA
6WM1C
2XR6A
1OQJB
6NMIH
3B5HD
1RV6X
5EK9A
4YR8G
2O06B
1XXBA
1EGGB
6OULG
1ICFA
2R13A
6LYWA
4BTTA
2L05A
5E8SA
4CR31
7DVQ5
3NHNA
6TSHA
3LQCA
6FN8B
4DEPA
1OZJB
3F2OB
3PZKC
1HW2A
5SVEB
4BIKB
5W1TG
1C46A
6HPWA
4R5BA
2P0RA
1EZ3B
5D2MC
5GMLA
5OTVA
5U0SR
6MSEL
3EFPB
4ONIA
3KUIA
6K0BA
3PB6X
4EOOB
1FSWA
4S15B
6X3YA
1C4RE
5GNJB
2LLOA
3MWEA
2K5BB
2AOAA
5KZ5A
2XACC
6WTIB
1Y96A
4UEAC
6Y38A
6WHNA
1G50B
4JZLB
2XNSA
3BPWA
4G0NB
1B1BA
6CCHA
6XMJC
6AH0l
6DA1B
6P9HB
4Z3DC
6K41B
3SFJC
6VCLB
6M2MK
6R7FR
3T46A
3OEIJ
5RK2A
2MBRA
2Z02A
2QV6C
3WXRG
3HOBM
2QADF
4JK1A
4Y97F
1ZOHA
6R7FA
6HC8A
4MAFB
4EB9C
3W2TA
6CBRA
5U6SA
7BNQD
3T3MA
4BN5D
5ETHA
6X4MA
5LAYD
2QLPA
2W7UB
3RWVA
4YKDA
4PGMC
1Y11A
6YBSm
5ZYOC
3KO9C
3S90B
5MTMA
6GCFA
6Q2WA
5U3RA
3A2ZA
4NEFA
2Q4YA
3N59C
6KN7U
5W1TA
4GPIC
1BRCI
4JBWF
3TMKE
2Y43A
5I7ZA
2OOYA
3P35B
5UYLZ
3UA7D
3I6PA
4F2BA
6LKBA
1CYWA
5X8SB
3O36A
2ZFHB
6UPYI
2YGDA
3MB7A
4K4IE
2DG1C
1ON8A
1SFCJ
2UXXA
1U8UA
2WFJA
4ODBD
7DR6N
1FXJA
2MYJA
3N8KD
4C4XA
1DADA
2GJ9A
1QSMB
4FCIA
4IFDG
5LO8A
2CMCA
1GAQA
2EKYG
3UMNB
5VNAB
2XR5A
1M63E
3KVLA
3V95B
2LAGB
2VHXE
4AS4A
5BXOA
3UC5A
1NYED
6I65A
2D35A
4G6JA
1HTRB
3AXWA
5JABA
2OI5B
3DJUB
5FPRA
6Z55B
6ULQA
4QCCA
6FOLA
3NH9A
1NYHA
6S0MB
4GYPB
6E3GA
1KLIL
4JYVL
2LPNA
5V1ZA
1TWGI
1EXXA
2L1CA
6V4PB
6SZQD
2JG8C
3DKNB
3MIHA
1PNZA
5K9VA
6VJWA
5PABL
4O6AB
4F44A
6ZTRI
2JZOA
1G6YA
6ZA6B
1HWTH
6GCMf
3VIRA
5LKJA
1Z0MB
6XKBD
5DS5E
3NH2B
1H52A
5O9Zc
2EVZA
6XH8G
2HNTE
2WPDF
4I8CB
4NFKF
6OMNF
1PXXA
5M6NB
1UB4C
5JPGA
6B98A
4MWHA
5IS7C
5BX1A
2D1XC
1EGHA
3I2OA
6AKRB
6H59A
3NE3B
6OQDA
6G7OA
1FZED
5OWLB
2UX0E
4IHHA
4UECA
1PW6B
6PACC
3VBAD
6Q39A
7DR7L
1SCED
5IL0A
4L4ZB
5V5XA
2V87A
2IQ0A
6DNEA
3MDAA
4YLQT
6P1KG
1YUCA
1DU3B
3SHTA
1JPEA
3ESWB
5DLJF
5L6KA
7LFOA
4KWJA
3O9MA
3K3EA
6B68C
5OTXA
2G71A
5J0PA
3MQBA
6Z9UD
6VK2A
1A3AD
6U7EA
1XJ7A
6XL8B
2MF2A
1NP0C
5CLLB
6ULTB
3GWXB
1OPJB
5VEUC
5G6UA
2RSVA
2DC3A
4LL7D
5T6JA
3ASLA
4E9CA
4J4NB
5ACBB
7CHZI
3PV0G
5S8QA
4LL8E
3BKTA
5M32m
2H1EB
6O9HD
3NOAA
5FTTC
7KDWB
3ENZA
3FSXC
4L41B
6NWTA
2K8GA
6ZA6D
4JQAB
1O9SA
4ORAB
1W1HC
2BRTA
3NBKD
1M4IB
2LBDA
2V5EB
1ND6B
3G65B
1G0SB
2JFDC
7JX7A
6GCMD
1PM7A
6ATOA
3PBHA
1KNCC
2YNNA
2XQRA
4WFDB
3EAXA
4K1RA
3VA0A
5FI0F
5X6MA
4KZZL
3PILA
6O9L4
5FLXD
1ZYMB
2VOOA
6SJ6O
6CUXG
1H2TZ
5EG3B
2VONB
4JYZA
2P6XB
2J0TC
6B90A
4C92E
2WA8A
5YJ8A
5M3DA
2QLPD
3K75D
6MSHO
6EF1D
4XQND
5LWPA
4LL7A
3N4MB
3LQAC
1B8MA
6H25C
5NHRC
1F9EB
6Q97D
5V5XD
5SVEA
5NIFD
6Z3WF
7LBAF
1ZKNC
3KMZB
3GG3B
3UA7A
5U77A
5AYWC
4R8UA
3O2GA
5B83A
2HRAB
1RJ7J
2QFWD
6ZR2U
7OGME
5M3DB
4UI9E
6Q9YA
6W7OD
3ZNQA
4ZVGA
5LVXC
1UAQA
6CHTT
1ECMB
6FVXD
6KJZB
4FYYB
3BLSA
4ODEA
4J3OF
2XACA
3BBUA
4ADBA
6V05D
6L1YC
2PSMF
6T1WC
1LX5B
3N39C
5KUIA
5NSRA
1I1RA
3QZOA
1LZWB
1EPFC
5MYMB
1PO3B
6JBQF
5B1NA
6L6IC
2G8EA
4ZNXB
1TFQA
5TY1A
4HW3A
6GHMD
1G8EB
4N90R
6ULTE
3P7FC
2I2WA
5DFWA
5USQA
4LGUB
5W58A
2MRJA
1G0YR
5TZAB
2RKZA
3SP4A
4FZZA
1GUAB
2FR6B
3L40A
3QHSK
6CKRB
4P3BC
5A2QM
4D09C
1YJMA
6OM7J
5M3DC
4G6MA
1PVHA
3MDBA
1G3GA
3IAXA
6MG2A
6KBZD
6V2HG
2DEUA
4BT9B
6FGAJ
3KHBB
5IW4A
2QSGX
1M4RB
4YS7B
6F1CC
5PAFA
4DSAA
6GYNA
6B3EB
1I1JB
2RD5C
7CHYI
4HJ0A
3F2OA
2VOOB
3AF1A
3CB8A
5DW1A
6ULVA
3P12A
2FR6A
1U7VA
4D61F
3J45G
2JY8A
3VD2B
4N8MC
1IKAA
6U74C
6ACOA
3WK6A
6S05D
5M7GA
5K3MA
3P53A
5J7GB
3A7OF
1V5HA
6O9L3
5AWFB
3SL8C
1H3QA
3CM2A
1TKAA
4ADQE
3EAEA
4LEFA
2XQNM
1Y0HB
5K8VD
4N94B
2YVCA
1KFXS
6HQ0A
4P6IB
1D3BD
1ILR2
4Y97B
5Y64B
2Z3RL
3E7IA
3HRHA
2PQ4A
5XF0A
3K2SA
3A7OA
3WKSD
2BELA
3UFJA
3NT1A
4J3JA
5GNJA
1YZXA
4KZZF
1FHSA
4IC7A
6D2LF
3KOBC
2EV2B
3A4AA
4XO6A
3B3GA
6D6QD
1S95B
5GM6J
2W26B
3J45T
6UUQA
5JABB
3C90X
3JSVD
3CUQA
3MUPC
1SQFA
6X7DB
1PT5A
1G5VA
1WWAX
1GA3A
1YCIA
4WQPB
4P5UA
2B1LB
1BQOA
4MQQB
1YJXF
2A6WB
3CLZA
1A0OD
5NC5A
2QM9B
5L3LA
2Z3QD
4E9EA
2FIFF
2RELA
4RQ2A
5EKIC
5U6MB
1RJFA
2Z7AA
2JOGA
7CGPK
5VHSY
6YBSa
3MAYG
6ULGG
4ONIB
5UZ4L
1QICA
3MAYD
5IS8A
5UI1D
2L75A
3O8EB
6AMNA
6NQAK
6WWIK
6XARB
2D2QB
1UUXA
7BOGV
1XARB
6FVLA
